date:2017-09-07 15:26:59	thread:main	user:	X-Track:	level:WARN 	logger:o.s.context.support.GenericApplicationContext   	message:Exception encountered during context initialization - cancelling refresh attempt: org.springframework.beans.factory.CannotLoadBeanClassException: Cannot find class [org.terasoluna.gfw.web.exception.ExceptionLoggingFilter] for bean with name 'exceptionLoggingFilter' defined in class path resource [META-INF/spring/test-context.xml]; nested exception is java.lang.ClassNotFoundException: org.terasoluna.gfw.web.exception.ExceptionLoggingFilter
date:2017-09-07 15:26:59	thread:main	user:	X-Track:	level:ERROR	logger:o.s.test.context.TestContextManager             	message:Caught exception while allowing TestExecutionListener [org.springframework.test.context.support.DependencyInjectionTestExecutionListener@5a18cd76] to prepare test instance [jp.co.ntt.atrs.domain.repository.flight.FlightRepositoryTest@3da30852]
java.lang.IllegalStateException: Failed to load ApplicationContext
	at org.springframework.test.context.cache.DefaultCacheAwareContextLoaderDelegate.loadContext(DefaultCacheAwareContextLoaderDelegate.java:124)
	at org.springframework.test.context.support.DefaultTestContext.getApplicationContext(DefaultTestContext.java:83)
	at org.springframework.test.context.support.DependencyInjectionTestExecutionListener.injectDependencies(DependencyInjectionTestExecutionListener.java:117)
	at org.springframework.test.context.support.DependencyInjectionTestExecutionListener.prepareTestInstance(DependencyInjectionTestExecutionListener.java:83)
	at org.springframework.test.context.TestContextManager.prepareTestInstance(TestContextManager.java:228)
	at org.springframework.test.context.junit4.SpringJUnit4ClassRunner.createTest(SpringJUnit4ClassRunner.java:230)
	at org.springframework.test.context.junit4.SpringJUnit4ClassRunner$1.runReflectiveCall(SpringJUnit4ClassRunner.java:289)
	at org.junit.internal.runners.model.ReflectiveCallable.run(ReflectiveCallable.java:12)
	at org.springframework.test.context.junit4.SpringJUnit4ClassRunner.methodBlock(SpringJUnit4ClassRunner.java:291)
	at org.springframework.test.context.junit4.SpringJUnit4ClassRunner.runChild(SpringJUnit4ClassRunner.java:249)
	at org.springframework.test.context.junit4.SpringJUnit4ClassRunner.runChild(SpringJUnit4ClassRunner.java:89)
	at org.junit.runners.ParentRunner$3.run(ParentRunner.java:290)
	at org.junit.runners.ParentRunner$1.schedule(ParentRunner.java:71)
	at org.junit.runners.ParentRunner.runChildren(ParentRunner.java:288)
	at org.junit.runners.ParentRunner.access$000(ParentRunner.java:58)
	at org.junit.runners.ParentRunner$2.evaluate(ParentRunner.java:268)
	at org.springframework.test.context.junit4.statements.RunBeforeTestClassCallbacks.evaluate(RunBeforeTestClassCallbacks.java:61)
	at org.springframework.test.context.junit4.statements.RunAfterTestClassCallbacks.evaluate(RunAfterTestClassCallbacks.java:70)
	at org.junit.runners.ParentRunner.run(ParentRunner.java:363)
	at org.springframework.test.context.junit4.SpringJUnit4ClassRunner.run(SpringJUnit4ClassRunner.java:193)
	at org.eclipse.jdt.internal.junit4.runner.JUnit4TestReference.run(JUnit4TestReference.java:86)
	at org.eclipse.jdt.internal.junit.runner.TestExecution.run(TestExecution.java:38)
	at org.eclipse.jdt.internal.junit.runner.RemoteTestRunner.runTests(RemoteTestRunner.java:459)
	at org.eclipse.jdt.internal.junit.runner.RemoteTestRunner.runTests(RemoteTestRunner.java:678)
	at org.eclipse.jdt.internal.junit.runner.RemoteTestRunner.run(RemoteTestRunner.java:382)
	at org.eclipse.jdt.internal.junit.runner.RemoteTestRunner.main(RemoteTestRunner.java:192)
Caused by: org.springframework.beans.factory.CannotLoadBeanClassException: Cannot find class [org.terasoluna.gfw.web.exception.ExceptionLoggingFilter] for bean with name 'exceptionLoggingFilter' defined in class path resource [META-INF/spring/test-context.xml]; nested exception is java.lang.ClassNotFoundException: org.terasoluna.gfw.web.exception.ExceptionLoggingFilter
	at org.springframework.beans.factory.support.AbstractBeanFactory.resolveBeanClass(AbstractBeanFactory.java:1352)
	at org.springframework.beans.factory.support.AbstractAutowireCapableBeanFactory.determineTargetType(AbstractAutowireCapableBeanFactory.java:628)
	at org.springframework.beans.factory.support.AbstractAutowireCapableBeanFactory.predictBeanType(AbstractAutowireCapableBeanFactory.java:597)
	at org.springframework.beans.factory.support.AbstractBeanFactory.isFactoryBean(AbstractBeanFactory.java:1445)
	at org.springframework.beans.factory.support.AbstractBeanFactory.isFactoryBean(AbstractBeanFactory.java:975)
	at org.springframework.beans.factory.support.DefaultListableBeanFactory.preInstantiateSingletons(DefaultListableBeanFactory.java:752)
	at org.springframework.context.support.AbstractApplicationContext.finishBeanFactoryInitialization(AbstractApplicationContext.java:839)
	at org.springframework.context.support.AbstractApplicationContext.refresh(AbstractApplicationContext.java:538)
	at org.springframework.test.context.support.AbstractGenericContextLoader.loadContext(AbstractGenericContextLoader.java:125)
	at org.springframework.test.context.support.AbstractGenericContextLoader.loadContext(AbstractGenericContextLoader.java:60)
	at org.springframework.test.context.support.AbstractDelegatingSmartContextLoader.delegateLoading(AbstractDelegatingSmartContextLoader.java:109)
	at org.springframework.test.context.support.AbstractDelegatingSmartContextLoader.loadContext(AbstractDelegatingSmartContextLoader.java:261)
	at org.springframework.test.context.cache.DefaultCacheAwareContextLoaderDelegate.loadContextInternal(DefaultCacheAwareContextLoaderDelegate.java:98)
	at org.springframework.test.context.cache.DefaultCacheAwareContextLoaderDelegate.loadContext(DefaultCacheAwareContextLoaderDelegate.java:116)
	... 25 common frames omitted
Caused by: java.lang.ClassNotFoundException: org.terasoluna.gfw.web.exception.ExceptionLoggingFilter
	at java.net.URLClassLoader.findClass(URLClassLoader.java:381)
	at java.lang.ClassLoader.loadClass(ClassLoader.java:424)
	at sun.misc.Launcher$AppClassLoader.loadClass(Launcher.java:331)
	at java.lang.ClassLoader.loadClass(ClassLoader.java:357)
	at org.springframework.util.ClassUtils.forName(ClassUtils.java:250)
	at org.springframework.beans.factory.support.AbstractBeanDefinition.resolveBeanClass(AbstractBeanDefinition.java:394)
	at org.springframework.beans.factory.support.AbstractBeanFactory.doResolveBeanClass(AbstractBeanFactory.java:1397)
	at org.springframework.beans.factory.support.AbstractBeanFactory.resolveBeanClass(AbstractBeanFactory.java:1344)
	... 38 common frames omitted
date:2017-09-07 15:31:03	thread:main	user:	X-Track:	level:WARN 	logger:org.dozer.config.GlobalSettings                 	message:Dozer configuration file not found: dozer.properties.  Using defaults for all Dozer global properties.
date:2017-09-07 15:31:04	thread:main	user:	X-Track:	level:DEBUG	logger:j.c.n.a.d.r.b.BoardingClassRepository.findAll   	message:==>  Preparing: SELECT boarding_class_cd, boarding_class_name, extra_charge FROM boarding_class 
date:2017-09-07 15:31:04	thread:main	user:	X-Track:	level:DEBUG	logger:j.c.n.a.d.r.b.BoardingClassRepository.findAll   	message:==> Parameters: 
date:2017-09-07 15:31:05	thread:main	user:	X-Track:	level:DEBUG	logger:jdbc.sqltiming                                  	message: sun.reflect.NativeMethodAccessorImpl.invoke0(NativeMethodAccessorImpl.java:-2)
1. SELECT
        boarding_class_cd,
        boarding_class_name,
        extra_charge
    FROM
        boarding_class {executed in 142 msec}
date:2017-09-07 15:31:05	thread:main	user:	X-Track:	level:DEBUG	logger:j.c.n.a.d.r.b.BoardingClassRepository.findAll   	message:<==      Total: 2
date:2017-09-07 15:31:05	thread:main	user:	X-Track:	level:DEBUG	logger:j.c.n.a.d.r.faretype.FareTypeRepository.findAll 	message:==>  Preparing: SELECT fare_type_cd, fare_type_name, discount_rate, rsrv_available_start_day_num, rsrv_available_end_day_num, passenger_min_num FROM fare_type 
date:2017-09-07 15:31:05	thread:main	user:	X-Track:	level:DEBUG	logger:j.c.n.a.d.r.faretype.FareTypeRepository.findAll 	message:==> Parameters: 
date:2017-09-07 15:31:05	thread:main	user:	X-Track:	level:DEBUG	logger:jdbc.sqltiming                                  	message: sun.reflect.NativeMethodAccessorImpl.invoke0(NativeMethodAccessorImpl.java:-2)
2. SELECT
        fare_type_cd,
        fare_type_name,
        discount_rate,
        rsrv_available_start_day_num,
        rsrv_available_end_day_num,
        passenger_min_num
    FROM
        fare_type {executed in 0 msec}
date:2017-09-07 15:31:05	thread:main	user:	X-Track:	level:DEBUG	logger:j.c.n.a.d.r.faretype.FareTypeRepository.findAll 	message:<==      Total: 10
date:2017-09-07 15:31:05	thread:main	user:	X-Track:	level:DEBUG	logger:j.c.n.a.d.r.f.F.findAllFlightMaster             	message:==>  Preparing: SELECT fm.flight_name, fm.departure_time, fm.arrival_time, fm.craft_type, r.route_no, r.basic_fare, a_dep.airport_cd AS dep_airport_cd, a_dep.airport_name AS dep_airport_name, a_arr.airport_cd AS aar_airport_cd, a_arr.airport_name AS aar_airport_name FROM flight_master fm, route r, airport a_dep, airport a_arr WHERE fm.route_no = r.route_no AND r.dep_airport_cd = a_dep.airport_cd AND r.arr_airport_cd = a_arr.airport_cd 
date:2017-09-07 15:31:05	thread:main	user:	X-Track:	level:DEBUG	logger:j.c.n.a.d.r.f.F.findAllFlightMaster             	message:==> Parameters: 
date:2017-09-07 15:31:05	thread:main	user:	X-Track:	level:DEBUG	logger:jdbc.sqltiming                                  	message: sun.reflect.NativeMethodAccessorImpl.invoke0(NativeMethodAccessorImpl.java:-2)
3. SELECT
        fm.flight_name,
        fm.departure_time,
        fm.arrival_time,
        fm.craft_type,
        r.route_no,
        r.basic_fare,
        a_dep.airport_cd AS dep_airport_cd,
        a_dep.airport_name AS dep_airport_name,
        a_arr.airport_cd AS aar_airport_cd,
        a_arr.airport_name AS aar_airport_name
    FROM
        flight_master fm,
        route r,
        airport a_dep,
        airport a_arr
    WHERE 
        fm.route_no = r.route_no
    AND
        r.dep_airport_cd = a_dep.airport_cd
    AND
        r.arr_airport_cd = a_arr.airport_cd {executed in 62 msec}
date:2017-09-07 15:31:05	thread:main	user:	X-Track:	level:DEBUG	logger:j.c.n.a.d.r.f.F.findAllFlightMaster             	message:<==      Total: 126
date:2017-09-07 15:31:05	thread:main	user:	X-Track:	level:DEBUG	logger:j.c.n.a.d.r.peaktime.PeakTimeRepository.findAll 	message:==>  Preparing: SELECT peak_time_cd, peak_start_date, peak_end_date, multiplication_ratio FROM peak_time 
date:2017-09-07 15:31:05	thread:main	user:	X-Track:	level:DEBUG	logger:j.c.n.a.d.r.peaktime.PeakTimeRepository.findAll 	message:==> Parameters: 
date:2017-09-07 15:31:05	thread:main	user:	X-Track:	level:DEBUG	logger:jdbc.sqltiming                                  	message: sun.reflect.NativeMethodAccessorImpl.invoke0(NativeMethodAccessorImpl.java:-2)
4. SELECT
        peak_time_cd,
        peak_start_date,
        peak_end_date,
        multiplication_ratio
    FROM
        peak_time {executed in 110 msec}
date:2017-09-07 15:31:05	thread:main	user:	X-Track:	level:DEBUG	logger:j.c.n.a.d.r.peaktime.PeakTimeRepository.findAll 	message:<==      Total: 16
date:2017-09-07 15:31:05	thread:main	user:	X-Track:	level:DEBUG	logger:j.c.n.a.d.r.route.RouteRepository.findAll       	message:==>  Preparing: SELECT r.route_no, r.basic_fare, a_dep.airport_cd AS dep_airport_cd, a_dep.airport_name AS dep_airport_name, a_arr.airport_cd AS aar_airport_cd, a_arr.airport_name AS aar_airport_name FROM route r, airport a_dep, airport a_arr WHERE r.dep_airport_cd = a_dep.airport_cd AND r.arr_airport_cd = a_arr.airport_cd 
date:2017-09-07 15:31:05	thread:main	user:	X-Track:	level:DEBUG	logger:j.c.n.a.d.r.route.RouteRepository.findAll       	message:==> Parameters: 
date:2017-09-07 15:31:05	thread:main	user:	X-Track:	level:DEBUG	logger:jdbc.sqltiming                                  	message: sun.reflect.NativeMethodAccessorImpl.invoke0(NativeMethodAccessorImpl.java:-2)
5. SELECT
        r.route_no,
        r.basic_fare,
        a_dep.airport_cd AS dep_airport_cd,
        a_dep.airport_name AS dep_airport_name,
        a_arr.airport_cd AS aar_airport_cd,
        a_arr.airport_name AS aar_airport_name
    FROM
        route r,
        airport a_dep,
        airport a_arr
    WHERE
        r.dep_airport_cd = a_dep.airport_cd
    AND
        r.arr_airport_cd = a_arr.airport_cd {executed in 0 msec}
date:2017-09-07 15:31:05	thread:main	user:	X-Track:	level:DEBUG	logger:j.c.n.a.d.r.route.RouteRepository.findAll       	message:<==      Total: 20
date:2017-09-07 15:31:05	thread:main	user:	X-Track:	level:WARN 	logger:o.s.context.support.GenericApplicationContext   	message:Exception encountered during context initialization - cancelling refresh attempt: org.springframework.beans.factory.BeanCreationException: Error creating bean with name 'memberRegisterServiceImpl': Injection of autowired dependencies failed; nested exception is org.springframework.beans.factory.BeanCreationException: Could not autowire field: org.springframework.security.crypto.password.PasswordEncoder jp.co.ntt.atrs.domain.service.c1.MemberRegisterServiceImpl.passwordEncoder; nested exception is org.springframework.beans.factory.NoSuchBeanDefinitionException: No qualifying bean of type [org.springframework.security.crypto.password.PasswordEncoder] found for dependency: expected at least 1 bean which qualifies as autowire candidate for this dependency. Dependency annotations: {@javax.inject.Inject()}
date:2017-09-07 15:31:05	thread:main	user:	X-Track:	level:ERROR	logger:o.s.test.context.TestContextManager             	message:Caught exception while allowing TestExecutionListener [org.springframework.test.context.support.DependencyInjectionTestExecutionListener@72a85671] to prepare test instance [jp.co.ntt.atrs.domain.repository.flight.FlightRepositoryTest@6722db6e]
java.lang.IllegalStateException: Failed to load ApplicationContext
	at org.springframework.test.context.cache.DefaultCacheAwareContextLoaderDelegate.loadContext(DefaultCacheAwareContextLoaderDelegate.java:124)
	at org.springframework.test.context.support.DefaultTestContext.getApplicationContext(DefaultTestContext.java:83)
	at org.springframework.test.context.support.DependencyInjectionTestExecutionListener.injectDependencies(DependencyInjectionTestExecutionListener.java:117)
	at org.springframework.test.context.support.DependencyInjectionTestExecutionListener.prepareTestInstance(DependencyInjectionTestExecutionListener.java:83)
	at org.springframework.test.context.TestContextManager.prepareTestInstance(TestContextManager.java:228)
	at org.springframework.test.context.junit4.SpringJUnit4ClassRunner.createTest(SpringJUnit4ClassRunner.java:230)
	at org.springframework.test.context.junit4.SpringJUnit4ClassRunner$1.runReflectiveCall(SpringJUnit4ClassRunner.java:289)
	at org.junit.internal.runners.model.ReflectiveCallable.run(ReflectiveCallable.java:12)
	at org.springframework.test.context.junit4.SpringJUnit4ClassRunner.methodBlock(SpringJUnit4ClassRunner.java:291)
	at org.springframework.test.context.junit4.SpringJUnit4ClassRunner.runChild(SpringJUnit4ClassRunner.java:249)
	at org.springframework.test.context.junit4.SpringJUnit4ClassRunner.runChild(SpringJUnit4ClassRunner.java:89)
	at org.junit.runners.ParentRunner$3.run(ParentRunner.java:290)
	at org.junit.runners.ParentRunner$1.schedule(ParentRunner.java:71)
	at org.junit.runners.ParentRunner.runChildren(ParentRunner.java:288)
	at org.junit.runners.ParentRunner.access$000(ParentRunner.java:58)
	at org.junit.runners.ParentRunner$2.evaluate(ParentRunner.java:268)
	at org.springframework.test.context.junit4.statements.RunBeforeTestClassCallbacks.evaluate(RunBeforeTestClassCallbacks.java:61)
	at org.springframework.test.context.junit4.statements.RunAfterTestClassCallbacks.evaluate(RunAfterTestClassCallbacks.java:70)
	at org.junit.runners.ParentRunner.run(ParentRunner.java:363)
	at org.springframework.test.context.junit4.SpringJUnit4ClassRunner.run(SpringJUnit4ClassRunner.java:193)
	at org.eclipse.jdt.internal.junit4.runner.JUnit4TestReference.run(JUnit4TestReference.java:86)
	at org.eclipse.jdt.internal.junit.runner.TestExecution.run(TestExecution.java:38)
	at org.eclipse.jdt.internal.junit.runner.RemoteTestRunner.runTests(RemoteTestRunner.java:459)
	at org.eclipse.jdt.internal.junit.runner.RemoteTestRunner.runTests(RemoteTestRunner.java:678)
	at org.eclipse.jdt.internal.junit.runner.RemoteTestRunner.run(RemoteTestRunner.java:382)
	at org.eclipse.jdt.internal.junit.runner.RemoteTestRunner.main(RemoteTestRunner.java:192)
Caused by: org.springframework.beans.factory.BeanCreationException: Error creating bean with name 'memberRegisterServiceImpl': Injection of autowired dependencies failed; nested exception is org.springframework.beans.factory.BeanCreationException: Could not autowire field: org.springframework.security.crypto.password.PasswordEncoder jp.co.ntt.atrs.domain.service.c1.MemberRegisterServiceImpl.passwordEncoder; nested exception is org.springframework.beans.factory.NoSuchBeanDefinitionException: No qualifying bean of type [org.springframework.security.crypto.password.PasswordEncoder] found for dependency: expected at least 1 bean which qualifies as autowire candidate for this dependency. Dependency annotations: {@javax.inject.Inject()}
	at org.springframework.beans.factory.annotation.AutowiredAnnotationBeanPostProcessor.postProcessPropertyValues(AutowiredAnnotationBeanPostProcessor.java:334)
	at org.springframework.beans.factory.support.AbstractAutowireCapableBeanFactory.populateBean(AbstractAutowireCapableBeanFactory.java:1214)
	at org.springframework.beans.factory.support.AbstractAutowireCapableBeanFactory.doCreateBean(AbstractAutowireCapableBeanFactory.java:543)
	at org.springframework.beans.factory.support.AbstractAutowireCapableBeanFactory.createBean(AbstractAutowireCapableBeanFactory.java:482)
	at org.springframework.beans.factory.support.AbstractBeanFactory$1.getObject(AbstractBeanFactory.java:306)
	at org.springframework.beans.factory.support.DefaultSingletonBeanRegistry.getSingleton(DefaultSingletonBeanRegistry.java:230)
	at org.springframework.beans.factory.support.AbstractBeanFactory.doGetBean(AbstractBeanFactory.java:302)
	at org.springframework.beans.factory.support.AbstractBeanFactory.getBean(AbstractBeanFactory.java:197)
	at org.springframework.beans.factory.support.DefaultListableBeanFactory.preInstantiateSingletons(DefaultListableBeanFactory.java:772)
	at org.springframework.context.support.AbstractApplicationContext.finishBeanFactoryInitialization(AbstractApplicationContext.java:839)
	at org.springframework.context.support.AbstractApplicationContext.refresh(AbstractApplicationContext.java:538)
	at org.springframework.test.context.support.AbstractGenericContextLoader.loadContext(AbstractGenericContextLoader.java:125)
	at org.springframework.test.context.support.AbstractGenericContextLoader.loadContext(AbstractGenericContextLoader.java:60)
	at org.springframework.test.context.support.AbstractDelegatingSmartContextLoader.delegateLoading(AbstractDelegatingSmartContextLoader.java:109)
	at org.springframework.test.context.support.AbstractDelegatingSmartContextLoader.loadContext(AbstractDelegatingSmartContextLoader.java:261)
	at org.springframework.test.context.cache.DefaultCacheAwareContextLoaderDelegate.loadContextInternal(DefaultCacheAwareContextLoaderDelegate.java:98)
	at org.springframework.test.context.cache.DefaultCacheAwareContextLoaderDelegate.loadContext(DefaultCacheAwareContextLoaderDelegate.java:116)
	... 25 common frames omitted
Caused by: org.springframework.beans.factory.BeanCreationException: Could not autowire field: org.springframework.security.crypto.password.PasswordEncoder jp.co.ntt.atrs.domain.service.c1.MemberRegisterServiceImpl.passwordEncoder; nested exception is org.springframework.beans.factory.NoSuchBeanDefinitionException: No qualifying bean of type [org.springframework.security.crypto.password.PasswordEncoder] found for dependency: expected at least 1 bean which qualifies as autowire candidate for this dependency. Dependency annotations: {@javax.inject.Inject()}
	at org.springframework.beans.factory.annotation.AutowiredAnnotationBeanPostProcessor$AutowiredFieldElement.inject(AutowiredAnnotationBeanPostProcessor.java:573)
	at org.springframework.beans.factory.annotation.InjectionMetadata.inject(InjectionMetadata.java:88)
	at org.springframework.beans.factory.annotation.AutowiredAnnotationBeanPostProcessor.postProcessPropertyValues(AutowiredAnnotationBeanPostProcessor.java:331)
	... 41 common frames omitted
Caused by: org.springframework.beans.factory.NoSuchBeanDefinitionException: No qualifying bean of type [org.springframework.security.crypto.password.PasswordEncoder] found for dependency: expected at least 1 bean which qualifies as autowire candidate for this dependency. Dependency annotations: {@javax.inject.Inject()}
	at org.springframework.beans.factory.support.DefaultListableBeanFactory.raiseNoSuchBeanDefinitionException(DefaultListableBeanFactory.java:1373)
	at org.springframework.beans.factory.support.DefaultListableBeanFactory.doResolveDependency(DefaultListableBeanFactory.java:1119)
	at org.springframework.beans.factory.support.DefaultListableBeanFactory.resolveDependency(DefaultListableBeanFactory.java:1014)
	at org.springframework.beans.factory.annotation.AutowiredAnnotationBeanPostProcessor$AutowiredFieldElement.inject(AutowiredAnnotationBeanPostProcessor.java:545)
	... 43 common frames omitted
date:2017-09-07 15:34:51	thread:main	user:	X-Track:	level:WARN 	logger:o.s.context.support.GenericApplicationContext   	message:Exception encountered during context initialization - cancelling refresh attempt: org.springframework.beans.factory.BeanCreationException: Error creating bean with name 'boardingClassProvider': Injection of autowired dependencies failed; nested exception is org.springframework.beans.factory.BeanCreationException: Could not autowire field: jp.co.ntt.atrs.domain.repository.boardingclass.BoardingClassRepository jp.co.ntt.atrs.domain.common.masterdata.BoardingClassProvider.boardingClassRepository; nested exception is org.springframework.beans.factory.CannotLoadBeanClassException: Cannot find class [org.terasoluna.gfw.web.exception.ExceptionLoggingFilter] for bean with name 'exceptionLoggingFilter' defined in class path resource [META-INF/spring/test-context.xml]; nested exception is java.lang.ClassNotFoundException: org.terasoluna.gfw.web.exception.ExceptionLoggingFilter
date:2017-09-07 15:34:51	thread:main	user:	X-Track:	level:ERROR	logger:o.s.test.context.TestContextManager             	message:Caught exception while allowing TestExecutionListener [org.springframework.test.context.support.DependencyInjectionTestExecutionListener@544d57e] to prepare test instance [jp.co.ntt.atrs.domain.repository.flight.FlightRepositoryTest@55c53a33]
java.lang.IllegalStateException: Failed to load ApplicationContext
	at org.springframework.test.context.cache.DefaultCacheAwareContextLoaderDelegate.loadContext(DefaultCacheAwareContextLoaderDelegate.java:124)
	at org.springframework.test.context.support.DefaultTestContext.getApplicationContext(DefaultTestContext.java:83)
	at org.springframework.test.context.support.DependencyInjectionTestExecutionListener.injectDependencies(DependencyInjectionTestExecutionListener.java:117)
	at org.springframework.test.context.support.DependencyInjectionTestExecutionListener.prepareTestInstance(DependencyInjectionTestExecutionListener.java:83)
	at org.springframework.test.context.TestContextManager.prepareTestInstance(TestContextManager.java:228)
	at org.springframework.test.context.junit4.SpringJUnit4ClassRunner.createTest(SpringJUnit4ClassRunner.java:230)
	at org.springframework.test.context.junit4.SpringJUnit4ClassRunner$1.runReflectiveCall(SpringJUnit4ClassRunner.java:289)
	at org.junit.internal.runners.model.ReflectiveCallable.run(ReflectiveCallable.java:12)
	at org.springframework.test.context.junit4.SpringJUnit4ClassRunner.methodBlock(SpringJUnit4ClassRunner.java:291)
	at org.springframework.test.context.junit4.SpringJUnit4ClassRunner.runChild(SpringJUnit4ClassRunner.java:249)
	at org.springframework.test.context.junit4.SpringJUnit4ClassRunner.runChild(SpringJUnit4ClassRunner.java:89)
	at org.junit.runners.ParentRunner$3.run(ParentRunner.java:290)
	at org.junit.runners.ParentRunner$1.schedule(ParentRunner.java:71)
	at org.junit.runners.ParentRunner.runChildren(ParentRunner.java:288)
	at org.junit.runners.ParentRunner.access$000(ParentRunner.java:58)
	at org.junit.runners.ParentRunner$2.evaluate(ParentRunner.java:268)
	at org.springframework.test.context.junit4.statements.RunBeforeTestClassCallbacks.evaluate(RunBeforeTestClassCallbacks.java:61)
	at org.springframework.test.context.junit4.statements.RunAfterTestClassCallbacks.evaluate(RunAfterTestClassCallbacks.java:70)
	at org.junit.runners.ParentRunner.run(ParentRunner.java:363)
	at org.springframework.test.context.junit4.SpringJUnit4ClassRunner.run(SpringJUnit4ClassRunner.java:193)
	at org.eclipse.jdt.internal.junit4.runner.JUnit4TestReference.run(JUnit4TestReference.java:86)
	at org.eclipse.jdt.internal.junit.runner.TestExecution.run(TestExecution.java:38)
	at org.eclipse.jdt.internal.junit.runner.RemoteTestRunner.runTests(RemoteTestRunner.java:459)
	at org.eclipse.jdt.internal.junit.runner.RemoteTestRunner.runTests(RemoteTestRunner.java:678)
	at org.eclipse.jdt.internal.junit.runner.RemoteTestRunner.run(RemoteTestRunner.java:382)
	at org.eclipse.jdt.internal.junit.runner.RemoteTestRunner.main(RemoteTestRunner.java:192)
Caused by: org.springframework.beans.factory.BeanCreationException: Error creating bean with name 'boardingClassProvider': Injection of autowired dependencies failed; nested exception is org.springframework.beans.factory.BeanCreationException: Could not autowire field: jp.co.ntt.atrs.domain.repository.boardingclass.BoardingClassRepository jp.co.ntt.atrs.domain.common.masterdata.BoardingClassProvider.boardingClassRepository; nested exception is org.springframework.beans.factory.CannotLoadBeanClassException: Cannot find class [org.terasoluna.gfw.web.exception.ExceptionLoggingFilter] for bean with name 'exceptionLoggingFilter' defined in class path resource [META-INF/spring/test-context.xml]; nested exception is java.lang.ClassNotFoundException: org.terasoluna.gfw.web.exception.ExceptionLoggingFilter
	at org.springframework.beans.factory.annotation.AutowiredAnnotationBeanPostProcessor.postProcessPropertyValues(AutowiredAnnotationBeanPostProcessor.java:334)
	at org.springframework.beans.factory.support.AbstractAutowireCapableBeanFactory.populateBean(AbstractAutowireCapableBeanFactory.java:1214)
	at org.springframework.beans.factory.support.AbstractAutowireCapableBeanFactory.doCreateBean(AbstractAutowireCapableBeanFactory.java:543)
	at org.springframework.beans.factory.support.AbstractAutowireCapableBeanFactory.createBean(AbstractAutowireCapableBeanFactory.java:482)
	at org.springframework.beans.factory.support.AbstractBeanFactory$1.getObject(AbstractBeanFactory.java:306)
	at org.springframework.beans.factory.support.DefaultSingletonBeanRegistry.getSingleton(DefaultSingletonBeanRegistry.java:230)
	at org.springframework.beans.factory.support.AbstractBeanFactory.doGetBean(AbstractBeanFactory.java:302)
	at org.springframework.beans.factory.support.AbstractBeanFactory.getBean(AbstractBeanFactory.java:197)
	at org.springframework.beans.factory.support.DefaultListableBeanFactory.preInstantiateSingletons(DefaultListableBeanFactory.java:772)
	at org.springframework.context.support.AbstractApplicationContext.finishBeanFactoryInitialization(AbstractApplicationContext.java:839)
	at org.springframework.context.support.AbstractApplicationContext.refresh(AbstractApplicationContext.java:538)
	at org.springframework.test.context.support.AbstractGenericContextLoader.loadContext(AbstractGenericContextLoader.java:125)
	at org.springframework.test.context.support.AbstractGenericContextLoader.loadContext(AbstractGenericContextLoader.java:60)
	at org.springframework.test.context.support.AbstractDelegatingSmartContextLoader.delegateLoading(AbstractDelegatingSmartContextLoader.java:109)
	at org.springframework.test.context.support.AbstractDelegatingSmartContextLoader.loadContext(AbstractDelegatingSmartContextLoader.java:261)
	at org.springframework.test.context.cache.DefaultCacheAwareContextLoaderDelegate.loadContextInternal(DefaultCacheAwareContextLoaderDelegate.java:98)
	at org.springframework.test.context.cache.DefaultCacheAwareContextLoaderDelegate.loadContext(DefaultCacheAwareContextLoaderDelegate.java:116)
	... 25 common frames omitted
Caused by: org.springframework.beans.factory.BeanCreationException: Could not autowire field: jp.co.ntt.atrs.domain.repository.boardingclass.BoardingClassRepository jp.co.ntt.atrs.domain.common.masterdata.BoardingClassProvider.boardingClassRepository; nested exception is org.springframework.beans.factory.CannotLoadBeanClassException: Cannot find class [org.terasoluna.gfw.web.exception.ExceptionLoggingFilter] for bean with name 'exceptionLoggingFilter' defined in class path resource [META-INF/spring/test-context.xml]; nested exception is java.lang.ClassNotFoundException: org.terasoluna.gfw.web.exception.ExceptionLoggingFilter
	at org.springframework.beans.factory.annotation.AutowiredAnnotationBeanPostProcessor$AutowiredFieldElement.inject(AutowiredAnnotationBeanPostProcessor.java:573)
	at org.springframework.beans.factory.annotation.InjectionMetadata.inject(InjectionMetadata.java:88)
	at org.springframework.beans.factory.annotation.AutowiredAnnotationBeanPostProcessor.postProcessPropertyValues(AutowiredAnnotationBeanPostProcessor.java:331)
	... 41 common frames omitted
Caused by: org.springframework.beans.factory.CannotLoadBeanClassException: Cannot find class [org.terasoluna.gfw.web.exception.ExceptionLoggingFilter] for bean with name 'exceptionLoggingFilter' defined in class path resource [META-INF/spring/test-context.xml]; nested exception is java.lang.ClassNotFoundException: org.terasoluna.gfw.web.exception.ExceptionLoggingFilter
	at org.springframework.beans.factory.support.AbstractBeanFactory.resolveBeanClass(AbstractBeanFactory.java:1352)
	at org.springframework.beans.factory.support.AbstractAutowireCapableBeanFactory.determineTargetType(AbstractAutowireCapableBeanFactory.java:628)
	at org.springframework.beans.factory.support.AbstractAutowireCapableBeanFactory.predictBeanType(AbstractAutowireCapableBeanFactory.java:597)
	at org.springframework.beans.factory.support.AbstractBeanFactory.isFactoryBean(AbstractBeanFactory.java:1445)
	at org.springframework.beans.factory.support.DefaultListableBeanFactory.doGetBeanNamesForType(DefaultListableBeanFactory.java:445)
	at org.springframework.beans.factory.support.DefaultListableBeanFactory.getBeanNamesForType(DefaultListableBeanFactory.java:423)
	at org.springframework.beans.factory.BeanFactoryUtils.beanNamesForTypeIncludingAncestors(BeanFactoryUtils.java:220)
	at org.springframework.beans.factory.support.DefaultListableBeanFactory.findAutowireCandidates(DefaultListableBeanFactory.java:1177)
	at org.springframework.beans.factory.support.DefaultListableBeanFactory.doResolveDependency(DefaultListableBeanFactory.java:1116)
	at org.springframework.beans.factory.support.DefaultListableBeanFactory.resolveDependency(DefaultListableBeanFactory.java:1014)
	at org.springframework.beans.factory.annotation.AutowiredAnnotationBeanPostProcessor$AutowiredFieldElement.inject(AutowiredAnnotationBeanPostProcessor.java:545)
	... 43 common frames omitted
Caused by: java.lang.ClassNotFoundException: org.terasoluna.gfw.web.exception.ExceptionLoggingFilter
	at java.net.URLClassLoader.findClass(URLClassLoader.java:381)
	at java.lang.ClassLoader.loadClass(ClassLoader.java:424)
	at sun.misc.Launcher$AppClassLoader.loadClass(Launcher.java:331)
	at java.lang.ClassLoader.loadClass(ClassLoader.java:357)
	at org.springframework.util.ClassUtils.forName(ClassUtils.java:250)
	at org.springframework.beans.factory.support.AbstractBeanDefinition.resolveBeanClass(AbstractBeanDefinition.java:394)
	at org.springframework.beans.factory.support.AbstractBeanFactory.doResolveBeanClass(AbstractBeanFactory.java:1397)
	at org.springframework.beans.factory.support.AbstractBeanFactory.resolveBeanClass(AbstractBeanFactory.java:1344)
	... 53 common frames omitted
date:2017-09-07 17:28:43	thread:main	user:	X-Track:	level:WARN 	logger:o.s.context.support.GenericApplicationContext   	message:Exception encountered during context initialization - cancelling refresh attempt: org.springframework.beans.factory.BeanCreationException: Error creating bean with name 'boardingClassProvider': Injection of autowired dependencies failed; nested exception is org.springframework.beans.factory.BeanCreationException: Could not autowire field: jp.co.ntt.atrs.domain.repository.boardingclass.BoardingClassRepository jp.co.ntt.atrs.domain.common.masterdata.BoardingClassProvider.boardingClassRepository; nested exception is org.springframework.beans.factory.CannotLoadBeanClassException: Cannot find class [org.terasoluna.gfw.web.exception.ExceptionLoggingFilter] for bean with name 'exceptionLoggingFilter' defined in class path resource [META-INF/spring/test-context.xml]; nested exception is java.lang.ClassNotFoundException: org.terasoluna.gfw.web.exception.ExceptionLoggingFilter
date:2017-09-07 17:28:43	thread:main	user:	X-Track:	level:ERROR	logger:o.s.test.context.TestContextManager             	message:Caught exception while allowing TestExecutionListener [org.springframework.test.context.support.DependencyInjectionTestExecutionListener@544d57e] to prepare test instance [jp.co.ntt.atrs.domain.repository.flight.FlightRepositoryTest@55c53a33]
java.lang.IllegalStateException: Failed to load ApplicationContext
	at org.springframework.test.context.cache.DefaultCacheAwareContextLoaderDelegate.loadContext(DefaultCacheAwareContextLoaderDelegate.java:124)
	at org.springframework.test.context.support.DefaultTestContext.getApplicationContext(DefaultTestContext.java:83)
	at org.springframework.test.context.support.DependencyInjectionTestExecutionListener.injectDependencies(DependencyInjectionTestExecutionListener.java:117)
	at org.springframework.test.context.support.DependencyInjectionTestExecutionListener.prepareTestInstance(DependencyInjectionTestExecutionListener.java:83)
	at org.springframework.test.context.TestContextManager.prepareTestInstance(TestContextManager.java:228)
	at org.springframework.test.context.junit4.SpringJUnit4ClassRunner.createTest(SpringJUnit4ClassRunner.java:230)
	at org.springframework.test.context.junit4.SpringJUnit4ClassRunner$1.runReflectiveCall(SpringJUnit4ClassRunner.java:289)
	at org.junit.internal.runners.model.ReflectiveCallable.run(ReflectiveCallable.java:12)
	at org.springframework.test.context.junit4.SpringJUnit4ClassRunner.methodBlock(SpringJUnit4ClassRunner.java:291)
	at org.springframework.test.context.junit4.SpringJUnit4ClassRunner.runChild(SpringJUnit4ClassRunner.java:249)
	at org.springframework.test.context.junit4.SpringJUnit4ClassRunner.runChild(SpringJUnit4ClassRunner.java:89)
	at org.junit.runners.ParentRunner$3.run(ParentRunner.java:290)
	at org.junit.runners.ParentRunner$1.schedule(ParentRunner.java:71)
	at org.junit.runners.ParentRunner.runChildren(ParentRunner.java:288)
	at org.junit.runners.ParentRunner.access$000(ParentRunner.java:58)
	at org.junit.runners.ParentRunner$2.evaluate(ParentRunner.java:268)
	at org.springframework.test.context.junit4.statements.RunBeforeTestClassCallbacks.evaluate(RunBeforeTestClassCallbacks.java:61)
	at org.springframework.test.context.junit4.statements.RunAfterTestClassCallbacks.evaluate(RunAfterTestClassCallbacks.java:70)
	at org.junit.runners.ParentRunner.run(ParentRunner.java:363)
	at org.springframework.test.context.junit4.SpringJUnit4ClassRunner.run(SpringJUnit4ClassRunner.java:193)
	at org.eclipse.jdt.internal.junit4.runner.JUnit4TestReference.run(JUnit4TestReference.java:86)
	at org.eclipse.jdt.internal.junit.runner.TestExecution.run(TestExecution.java:38)
	at org.eclipse.jdt.internal.junit.runner.RemoteTestRunner.runTests(RemoteTestRunner.java:459)
	at org.eclipse.jdt.internal.junit.runner.RemoteTestRunner.runTests(RemoteTestRunner.java:678)
	at org.eclipse.jdt.internal.junit.runner.RemoteTestRunner.run(RemoteTestRunner.java:382)
	at org.eclipse.jdt.internal.junit.runner.RemoteTestRunner.main(RemoteTestRunner.java:192)
Caused by: org.springframework.beans.factory.BeanCreationException: Error creating bean with name 'boardingClassProvider': Injection of autowired dependencies failed; nested exception is org.springframework.beans.factory.BeanCreationException: Could not autowire field: jp.co.ntt.atrs.domain.repository.boardingclass.BoardingClassRepository jp.co.ntt.atrs.domain.common.masterdata.BoardingClassProvider.boardingClassRepository; nested exception is org.springframework.beans.factory.CannotLoadBeanClassException: Cannot find class [org.terasoluna.gfw.web.exception.ExceptionLoggingFilter] for bean with name 'exceptionLoggingFilter' defined in class path resource [META-INF/spring/test-context.xml]; nested exception is java.lang.ClassNotFoundException: org.terasoluna.gfw.web.exception.ExceptionLoggingFilter
	at org.springframework.beans.factory.annotation.AutowiredAnnotationBeanPostProcessor.postProcessPropertyValues(AutowiredAnnotationBeanPostProcessor.java:334)
	at org.springframework.beans.factory.support.AbstractAutowireCapableBeanFactory.populateBean(AbstractAutowireCapableBeanFactory.java:1214)
	at org.springframework.beans.factory.support.AbstractAutowireCapableBeanFactory.doCreateBean(AbstractAutowireCapableBeanFactory.java:543)
	at org.springframework.beans.factory.support.AbstractAutowireCapableBeanFactory.createBean(AbstractAutowireCapableBeanFactory.java:482)
	at org.springframework.beans.factory.support.AbstractBeanFactory$1.getObject(AbstractBeanFactory.java:306)
	at org.springframework.beans.factory.support.DefaultSingletonBeanRegistry.getSingleton(DefaultSingletonBeanRegistry.java:230)
	at org.springframework.beans.factory.support.AbstractBeanFactory.doGetBean(AbstractBeanFactory.java:302)
	at org.springframework.beans.factory.support.AbstractBeanFactory.getBean(AbstractBeanFactory.java:197)
	at org.springframework.beans.factory.support.DefaultListableBeanFactory.preInstantiateSingletons(DefaultListableBeanFactory.java:772)
	at org.springframework.context.support.AbstractApplicationContext.finishBeanFactoryInitialization(AbstractApplicationContext.java:839)
	at org.springframework.context.support.AbstractApplicationContext.refresh(AbstractApplicationContext.java:538)
	at org.springframework.test.context.support.AbstractGenericContextLoader.loadContext(AbstractGenericContextLoader.java:125)
	at org.springframework.test.context.support.AbstractGenericContextLoader.loadContext(AbstractGenericContextLoader.java:60)
	at org.springframework.test.context.support.AbstractDelegatingSmartContextLoader.delegateLoading(AbstractDelegatingSmartContextLoader.java:109)
	at org.springframework.test.context.support.AbstractDelegatingSmartContextLoader.loadContext(AbstractDelegatingSmartContextLoader.java:261)
	at org.springframework.test.context.cache.DefaultCacheAwareContextLoaderDelegate.loadContextInternal(DefaultCacheAwareContextLoaderDelegate.java:98)
	at org.springframework.test.context.cache.DefaultCacheAwareContextLoaderDelegate.loadContext(DefaultCacheAwareContextLoaderDelegate.java:116)
	... 25 common frames omitted
Caused by: org.springframework.beans.factory.BeanCreationException: Could not autowire field: jp.co.ntt.atrs.domain.repository.boardingclass.BoardingClassRepository jp.co.ntt.atrs.domain.common.masterdata.BoardingClassProvider.boardingClassRepository; nested exception is org.springframework.beans.factory.CannotLoadBeanClassException: Cannot find class [org.terasoluna.gfw.web.exception.ExceptionLoggingFilter] for bean with name 'exceptionLoggingFilter' defined in class path resource [META-INF/spring/test-context.xml]; nested exception is java.lang.ClassNotFoundException: org.terasoluna.gfw.web.exception.ExceptionLoggingFilter
	at org.springframework.beans.factory.annotation.AutowiredAnnotationBeanPostProcessor$AutowiredFieldElement.inject(AutowiredAnnotationBeanPostProcessor.java:573)
	at org.springframework.beans.factory.annotation.InjectionMetadata.inject(InjectionMetadata.java:88)
	at org.springframework.beans.factory.annotation.AutowiredAnnotationBeanPostProcessor.postProcessPropertyValues(AutowiredAnnotationBeanPostProcessor.java:331)
	... 41 common frames omitted
Caused by: org.springframework.beans.factory.CannotLoadBeanClassException: Cannot find class [org.terasoluna.gfw.web.exception.ExceptionLoggingFilter] for bean with name 'exceptionLoggingFilter' defined in class path resource [META-INF/spring/test-context.xml]; nested exception is java.lang.ClassNotFoundException: org.terasoluna.gfw.web.exception.ExceptionLoggingFilter
	at org.springframework.beans.factory.support.AbstractBeanFactory.resolveBeanClass(AbstractBeanFactory.java:1352)
	at org.springframework.beans.factory.support.AbstractAutowireCapableBeanFactory.determineTargetType(AbstractAutowireCapableBeanFactory.java:628)
	at org.springframework.beans.factory.support.AbstractAutowireCapableBeanFactory.predictBeanType(AbstractAutowireCapableBeanFactory.java:597)
	at org.springframework.beans.factory.support.AbstractBeanFactory.isFactoryBean(AbstractBeanFactory.java:1445)
	at org.springframework.beans.factory.support.DefaultListableBeanFactory.doGetBeanNamesForType(DefaultListableBeanFactory.java:445)
	at org.springframework.beans.factory.support.DefaultListableBeanFactory.getBeanNamesForType(DefaultListableBeanFactory.java:423)
	at org.springframework.beans.factory.BeanFactoryUtils.beanNamesForTypeIncludingAncestors(BeanFactoryUtils.java:220)
	at org.springframework.beans.factory.support.DefaultListableBeanFactory.findAutowireCandidates(DefaultListableBeanFactory.java:1177)
	at org.springframework.beans.factory.support.DefaultListableBeanFactory.doResolveDependency(DefaultListableBeanFactory.java:1116)
	at org.springframework.beans.factory.support.DefaultListableBeanFactory.resolveDependency(DefaultListableBeanFactory.java:1014)
	at org.springframework.beans.factory.annotation.AutowiredAnnotationBeanPostProcessor$AutowiredFieldElement.inject(AutowiredAnnotationBeanPostProcessor.java:545)
	... 43 common frames omitted
Caused by: java.lang.ClassNotFoundException: org.terasoluna.gfw.web.exception.ExceptionLoggingFilter
	at java.net.URLClassLoader.findClass(URLClassLoader.java:381)
	at java.lang.ClassLoader.loadClass(ClassLoader.java:424)
	at sun.misc.Launcher$AppClassLoader.loadClass(Launcher.java:331)
	at java.lang.ClassLoader.loadClass(ClassLoader.java:357)
	at org.springframework.util.ClassUtils.forName(ClassUtils.java:250)
	at org.springframework.beans.factory.support.AbstractBeanDefinition.resolveBeanClass(AbstractBeanDefinition.java:394)
	at org.springframework.beans.factory.support.AbstractBeanFactory.doResolveBeanClass(AbstractBeanFactory.java:1397)
	at org.springframework.beans.factory.support.AbstractBeanFactory.resolveBeanClass(AbstractBeanFactory.java:1344)
	... 53 common frames omitted
date:2017-09-07 17:30:44	thread:main	user:	X-Track:	level:DEBUG	logger:j.c.n.a.d.r.b.BoardingClassRepository.findAll   	message:==>  Preparing: SELECT boarding_class_cd, boarding_class_name, extra_charge FROM boarding_class 
date:2017-09-07 17:30:44	thread:main	user:	X-Track:	level:DEBUG	logger:j.c.n.a.d.r.b.BoardingClassRepository.findAll   	message:==> Parameters: 
date:2017-09-07 17:30:44	thread:main	user:	X-Track:	level:DEBUG	logger:jdbc.sqltiming                                  	message: sun.reflect.NativeMethodAccessorImpl.invoke0(NativeMethodAccessorImpl.java:-2)
1. SELECT
        boarding_class_cd,
        boarding_class_name,
        extra_charge
    FROM
        boarding_class {executed in 15 msec}
date:2017-09-07 17:30:44	thread:main	user:	X-Track:	level:DEBUG	logger:j.c.n.a.d.r.b.BoardingClassRepository.findAll   	message:<==      Total: 2
date:2017-09-07 17:30:44	thread:main	user:	X-Track:	level:DEBUG	logger:j.c.n.a.d.r.faretype.FareTypeRepository.findAll 	message:==>  Preparing: SELECT fare_type_cd, fare_type_name, discount_rate, rsrv_available_start_day_num, rsrv_available_end_day_num, passenger_min_num FROM fare_type 
date:2017-09-07 17:30:44	thread:main	user:	X-Track:	level:DEBUG	logger:j.c.n.a.d.r.faretype.FareTypeRepository.findAll 	message:==> Parameters: 
date:2017-09-07 17:30:44	thread:main	user:	X-Track:	level:DEBUG	logger:jdbc.sqltiming                                  	message: sun.reflect.NativeMethodAccessorImpl.invoke0(NativeMethodAccessorImpl.java:-2)
2. SELECT
        fare_type_cd,
        fare_type_name,
        discount_rate,
        rsrv_available_start_day_num,
        rsrv_available_end_day_num,
        passenger_min_num
    FROM
        fare_type {executed in 0 msec}
date:2017-09-07 17:30:44	thread:main	user:	X-Track:	level:DEBUG	logger:j.c.n.a.d.r.faretype.FareTypeRepository.findAll 	message:<==      Total: 10
date:2017-09-07 17:30:44	thread:main	user:	X-Track:	level:DEBUG	logger:j.c.n.a.d.r.f.F.findAllFlightMaster             	message:==>  Preparing: SELECT fm.flight_name, fm.departure_time, fm.arrival_time, fm.craft_type, r.route_no, r.basic_fare, a_dep.airport_cd AS dep_airport_cd, a_dep.airport_name AS dep_airport_name, a_arr.airport_cd AS aar_airport_cd, a_arr.airport_name AS aar_airport_name FROM flight_master fm, route r, airport a_dep, airport a_arr WHERE fm.route_no = r.route_no AND r.dep_airport_cd = a_dep.airport_cd AND r.arr_airport_cd = a_arr.airport_cd 
date:2017-09-07 17:30:44	thread:main	user:	X-Track:	level:DEBUG	logger:j.c.n.a.d.r.f.F.findAllFlightMaster             	message:==> Parameters: 
date:2017-09-07 17:30:44	thread:main	user:	X-Track:	level:DEBUG	logger:jdbc.sqltiming                                  	message: sun.reflect.NativeMethodAccessorImpl.invoke0(NativeMethodAccessorImpl.java:-2)
3. SELECT
        fm.flight_name,
        fm.departure_time,
        fm.arrival_time,
        fm.craft_type,
        r.route_no,
        r.basic_fare,
        a_dep.airport_cd AS dep_airport_cd,
        a_dep.airport_name AS dep_airport_name,
        a_arr.airport_cd AS aar_airport_cd,
        a_arr.airport_name AS aar_airport_name
    FROM
        flight_master fm,
        route r,
        airport a_dep,
        airport a_arr
    WHERE 
        fm.route_no = r.route_no
    AND
        r.dep_airport_cd = a_dep.airport_cd
    AND
        r.arr_airport_cd = a_arr.airport_cd {executed in 0 msec}
date:2017-09-07 17:30:44	thread:main	user:	X-Track:	level:DEBUG	logger:j.c.n.a.d.r.f.F.findAllFlightMaster             	message:<==      Total: 126
date:2017-09-07 17:30:44	thread:main	user:	X-Track:	level:DEBUG	logger:j.c.n.a.d.r.peaktime.PeakTimeRepository.findAll 	message:==>  Preparing: SELECT peak_time_cd, peak_start_date, peak_end_date, multiplication_ratio FROM peak_time 
date:2017-09-07 17:30:44	thread:main	user:	X-Track:	level:DEBUG	logger:j.c.n.a.d.r.peaktime.PeakTimeRepository.findAll 	message:==> Parameters: 
date:2017-09-07 17:30:44	thread:main	user:	X-Track:	level:DEBUG	logger:jdbc.sqltiming                                  	message: sun.reflect.NativeMethodAccessorImpl.invoke0(NativeMethodAccessorImpl.java:-2)
4. SELECT
        peak_time_cd,
        peak_start_date,
        peak_end_date,
        multiplication_ratio
    FROM
        peak_time {executed in 0 msec}
date:2017-09-07 17:30:44	thread:main	user:	X-Track:	level:DEBUG	logger:j.c.n.a.d.r.peaktime.PeakTimeRepository.findAll 	message:<==      Total: 16
date:2017-09-07 17:30:44	thread:main	user:	X-Track:	level:DEBUG	logger:j.c.n.a.d.r.route.RouteRepository.findAll       	message:==>  Preparing: SELECT r.route_no, r.basic_fare, a_dep.airport_cd AS dep_airport_cd, a_dep.airport_name AS dep_airport_name, a_arr.airport_cd AS aar_airport_cd, a_arr.airport_name AS aar_airport_name FROM route r, airport a_dep, airport a_arr WHERE r.dep_airport_cd = a_dep.airport_cd AND r.arr_airport_cd = a_arr.airport_cd 
date:2017-09-07 17:30:44	thread:main	user:	X-Track:	level:DEBUG	logger:j.c.n.a.d.r.route.RouteRepository.findAll       	message:==> Parameters: 
date:2017-09-07 17:30:44	thread:main	user:	X-Track:	level:DEBUG	logger:jdbc.sqltiming                                  	message: sun.reflect.NativeMethodAccessorImpl.invoke0(NativeMethodAccessorImpl.java:-2)
5. SELECT
        r.route_no,
        r.basic_fare,
        a_dep.airport_cd AS dep_airport_cd,
        a_dep.airport_name AS dep_airport_name,
        a_arr.airport_cd AS aar_airport_cd,
        a_arr.airport_name AS aar_airport_name
    FROM
        route r,
        airport a_dep,
        airport a_arr
    WHERE
        r.dep_airport_cd = a_dep.airport_cd
    AND
        r.arr_airport_cd = a_arr.airport_cd {executed in 0 msec}
date:2017-09-07 17:30:44	thread:main	user:	X-Track:	level:DEBUG	logger:j.c.n.a.d.r.route.RouteRepository.findAll       	message:<==      Total: 20
date:2017-09-07 17:30:44	thread:main	user:	X-Track:	level:WARN 	logger:o.s.context.support.GenericApplicationContext   	message:Exception encountered during context initialization - cancelling refresh attempt: org.springframework.beans.factory.BeanCreationException: Error creating bean with name 'memberRegisterServiceImpl': Injection of autowired dependencies failed; nested exception is org.springframework.beans.factory.BeanCreationException: Could not autowire field: org.springframework.security.crypto.password.PasswordEncoder jp.co.ntt.atrs.domain.service.c1.MemberRegisterServiceImpl.passwordEncoder; nested exception is org.springframework.beans.factory.NoSuchBeanDefinitionException: No qualifying bean of type [org.springframework.security.crypto.password.PasswordEncoder] found for dependency: expected at least 1 bean which qualifies as autowire candidate for this dependency. Dependency annotations: {@javax.inject.Inject()}
date:2017-09-07 17:30:44	thread:main	user:	X-Track:	level:ERROR	logger:o.s.test.context.TestContextManager             	message:Caught exception while allowing TestExecutionListener [org.springframework.test.context.support.DependencyInjectionTestExecutionListener@5974109] to prepare test instance [jp.co.ntt.atrs.domain.repository.flight.FlightRepositoryTest@27305e6]
java.lang.IllegalStateException: Failed to load ApplicationContext
	at org.springframework.test.context.cache.DefaultCacheAwareContextLoaderDelegate.loadContext(DefaultCacheAwareContextLoaderDelegate.java:124)
	at org.springframework.test.context.support.DefaultTestContext.getApplicationContext(DefaultTestContext.java:83)
	at org.springframework.test.context.support.DependencyInjectionTestExecutionListener.injectDependencies(DependencyInjectionTestExecutionListener.java:117)
	at org.springframework.test.context.support.DependencyInjectionTestExecutionListener.prepareTestInstance(DependencyInjectionTestExecutionListener.java:83)
	at org.springframework.test.context.TestContextManager.prepareTestInstance(TestContextManager.java:228)
	at org.springframework.test.context.junit4.SpringJUnit4ClassRunner.createTest(SpringJUnit4ClassRunner.java:230)
	at org.springframework.test.context.junit4.SpringJUnit4ClassRunner$1.runReflectiveCall(SpringJUnit4ClassRunner.java:289)
	at org.junit.internal.runners.model.ReflectiveCallable.run(ReflectiveCallable.java:12)
	at org.springframework.test.context.junit4.SpringJUnit4ClassRunner.methodBlock(SpringJUnit4ClassRunner.java:291)
	at org.springframework.test.context.junit4.SpringJUnit4ClassRunner.runChild(SpringJUnit4ClassRunner.java:249)
	at org.springframework.test.context.junit4.SpringJUnit4ClassRunner.runChild(SpringJUnit4ClassRunner.java:89)
	at org.junit.runners.ParentRunner$3.run(ParentRunner.java:290)
	at org.junit.runners.ParentRunner$1.schedule(ParentRunner.java:71)
	at org.junit.runners.ParentRunner.runChildren(ParentRunner.java:288)
	at org.junit.runners.ParentRunner.access$000(ParentRunner.java:58)
	at org.junit.runners.ParentRunner$2.evaluate(ParentRunner.java:268)
	at org.springframework.test.context.junit4.statements.RunBeforeTestClassCallbacks.evaluate(RunBeforeTestClassCallbacks.java:61)
	at org.springframework.test.context.junit4.statements.RunAfterTestClassCallbacks.evaluate(RunAfterTestClassCallbacks.java:70)
	at org.junit.runners.ParentRunner.run(ParentRunner.java:363)
	at org.springframework.test.context.junit4.SpringJUnit4ClassRunner.run(SpringJUnit4ClassRunner.java:193)
	at org.eclipse.jdt.internal.junit4.runner.JUnit4TestReference.run(JUnit4TestReference.java:86)
	at org.eclipse.jdt.internal.junit.runner.TestExecution.run(TestExecution.java:38)
	at org.eclipse.jdt.internal.junit.runner.RemoteTestRunner.runTests(RemoteTestRunner.java:459)
	at org.eclipse.jdt.internal.junit.runner.RemoteTestRunner.runTests(RemoteTestRunner.java:678)
	at org.eclipse.jdt.internal.junit.runner.RemoteTestRunner.run(RemoteTestRunner.java:382)
	at org.eclipse.jdt.internal.junit.runner.RemoteTestRunner.main(RemoteTestRunner.java:192)
Caused by: org.springframework.beans.factory.BeanCreationException: Error creating bean with name 'memberRegisterServiceImpl': Injection of autowired dependencies failed; nested exception is org.springframework.beans.factory.BeanCreationException: Could not autowire field: org.springframework.security.crypto.password.PasswordEncoder jp.co.ntt.atrs.domain.service.c1.MemberRegisterServiceImpl.passwordEncoder; nested exception is org.springframework.beans.factory.NoSuchBeanDefinitionException: No qualifying bean of type [org.springframework.security.crypto.password.PasswordEncoder] found for dependency: expected at least 1 bean which qualifies as autowire candidate for this dependency. Dependency annotations: {@javax.inject.Inject()}
	at org.springframework.beans.factory.annotation.AutowiredAnnotationBeanPostProcessor.postProcessPropertyValues(AutowiredAnnotationBeanPostProcessor.java:334)
	at org.springframework.beans.factory.support.AbstractAutowireCapableBeanFactory.populateBean(AbstractAutowireCapableBeanFactory.java:1214)
	at org.springframework.beans.factory.support.AbstractAutowireCapableBeanFactory.doCreateBean(AbstractAutowireCapableBeanFactory.java:543)
	at org.springframework.beans.factory.support.AbstractAutowireCapableBeanFactory.createBean(AbstractAutowireCapableBeanFactory.java:482)
	at org.springframework.beans.factory.support.AbstractBeanFactory$1.getObject(AbstractBeanFactory.java:306)
	at org.springframework.beans.factory.support.DefaultSingletonBeanRegistry.getSingleton(DefaultSingletonBeanRegistry.java:230)
	at org.springframework.beans.factory.support.AbstractBeanFactory.doGetBean(AbstractBeanFactory.java:302)
	at org.springframework.beans.factory.support.AbstractBeanFactory.getBean(AbstractBeanFactory.java:197)
	at org.springframework.beans.factory.support.DefaultListableBeanFactory.preInstantiateSingletons(DefaultListableBeanFactory.java:772)
	at org.springframework.context.support.AbstractApplicationContext.finishBeanFactoryInitialization(AbstractApplicationContext.java:839)
	at org.springframework.context.support.AbstractApplicationContext.refresh(AbstractApplicationContext.java:538)
	at org.springframework.test.context.support.AbstractGenericContextLoader.loadContext(AbstractGenericContextLoader.java:125)
	at org.springframework.test.context.support.AbstractGenericContextLoader.loadContext(AbstractGenericContextLoader.java:60)
	at org.springframework.test.context.support.AbstractDelegatingSmartContextLoader.delegateLoading(AbstractDelegatingSmartContextLoader.java:109)
	at org.springframework.test.context.support.AbstractDelegatingSmartContextLoader.loadContext(AbstractDelegatingSmartContextLoader.java:261)
	at org.springframework.test.context.cache.DefaultCacheAwareContextLoaderDelegate.loadContextInternal(DefaultCacheAwareContextLoaderDelegate.java:98)
	at org.springframework.test.context.cache.DefaultCacheAwareContextLoaderDelegate.loadContext(DefaultCacheAwareContextLoaderDelegate.java:116)
	... 25 common frames omitted
Caused by: org.springframework.beans.factory.BeanCreationException: Could not autowire field: org.springframework.security.crypto.password.PasswordEncoder jp.co.ntt.atrs.domain.service.c1.MemberRegisterServiceImpl.passwordEncoder; nested exception is org.springframework.beans.factory.NoSuchBeanDefinitionException: No qualifying bean of type [org.springframework.security.crypto.password.PasswordEncoder] found for dependency: expected at least 1 bean which qualifies as autowire candidate for this dependency. Dependency annotations: {@javax.inject.Inject()}
	at org.springframework.beans.factory.annotation.AutowiredAnnotationBeanPostProcessor$AutowiredFieldElement.inject(AutowiredAnnotationBeanPostProcessor.java:573)
	at org.springframework.beans.factory.annotation.InjectionMetadata.inject(InjectionMetadata.java:88)
	at org.springframework.beans.factory.annotation.AutowiredAnnotationBeanPostProcessor.postProcessPropertyValues(AutowiredAnnotationBeanPostProcessor.java:331)
	... 41 common frames omitted
Caused by: org.springframework.beans.factory.NoSuchBeanDefinitionException: No qualifying bean of type [org.springframework.security.crypto.password.PasswordEncoder] found for dependency: expected at least 1 bean which qualifies as autowire candidate for this dependency. Dependency annotations: {@javax.inject.Inject()}
	at org.springframework.beans.factory.support.DefaultListableBeanFactory.raiseNoSuchBeanDefinitionException(DefaultListableBeanFactory.java:1373)
	at org.springframework.beans.factory.support.DefaultListableBeanFactory.doResolveDependency(DefaultListableBeanFactory.java:1119)
	at org.springframework.beans.factory.support.DefaultListableBeanFactory.resolveDependency(DefaultListableBeanFactory.java:1014)
	at org.springframework.beans.factory.annotation.AutowiredAnnotationBeanPostProcessor$AutowiredFieldElement.inject(AutowiredAnnotationBeanPostProcessor.java:545)
	... 43 common frames omitted
date:2017-09-07 17:43:02	thread:main	user:	X-Track:	level:ERROR	logger:o.s.test.context.TestContextManager             	message:Caught exception while allowing TestExecutionListener [org.springframework.test.context.support.DependencyInjectionTestExecutionListener@76a3e297] to prepare test instance [jp.co.ntt.atrs.domain.repository.flight.FlightRepositoryTest@4d3167f4]
java.lang.IllegalStateException: Failed to load ApplicationContext
	at org.springframework.test.context.cache.DefaultCacheAwareContextLoaderDelegate.loadContext(DefaultCacheAwareContextLoaderDelegate.java:124)
	at org.springframework.test.context.support.DefaultTestContext.getApplicationContext(DefaultTestContext.java:83)
	at org.springframework.test.context.support.DependencyInjectionTestExecutionListener.injectDependencies(DependencyInjectionTestExecutionListener.java:117)
	at org.springframework.test.context.support.DependencyInjectionTestExecutionListener.prepareTestInstance(DependencyInjectionTestExecutionListener.java:83)
	at org.springframework.test.context.TestContextManager.prepareTestInstance(TestContextManager.java:228)
	at org.springframework.test.context.junit4.SpringJUnit4ClassRunner.createTest(SpringJUnit4ClassRunner.java:230)
	at org.springframework.test.context.junit4.SpringJUnit4ClassRunner$1.runReflectiveCall(SpringJUnit4ClassRunner.java:289)
	at org.junit.internal.runners.model.ReflectiveCallable.run(ReflectiveCallable.java:12)
	at org.springframework.test.context.junit4.SpringJUnit4ClassRunner.methodBlock(SpringJUnit4ClassRunner.java:291)
	at org.springframework.test.context.junit4.SpringJUnit4ClassRunner.runChild(SpringJUnit4ClassRunner.java:249)
	at org.springframework.test.context.junit4.SpringJUnit4ClassRunner.runChild(SpringJUnit4ClassRunner.java:89)
	at org.junit.runners.ParentRunner$3.run(ParentRunner.java:290)
	at org.junit.runners.ParentRunner$1.schedule(ParentRunner.java:71)
	at org.junit.runners.ParentRunner.runChildren(ParentRunner.java:288)
	at org.junit.runners.ParentRunner.access$000(ParentRunner.java:58)
	at org.junit.runners.ParentRunner$2.evaluate(ParentRunner.java:268)
	at org.springframework.test.context.junit4.statements.RunBeforeTestClassCallbacks.evaluate(RunBeforeTestClassCallbacks.java:61)
	at org.springframework.test.context.junit4.statements.RunAfterTestClassCallbacks.evaluate(RunAfterTestClassCallbacks.java:70)
	at org.junit.runners.ParentRunner.run(ParentRunner.java:363)
	at org.springframework.test.context.junit4.SpringJUnit4ClassRunner.run(SpringJUnit4ClassRunner.java:193)
	at org.eclipse.jdt.internal.junit4.runner.JUnit4TestReference.run(JUnit4TestReference.java:86)
	at org.eclipse.jdt.internal.junit.runner.TestExecution.run(TestExecution.java:38)
	at org.eclipse.jdt.internal.junit.runner.RemoteTestRunner.runTests(RemoteTestRunner.java:459)
	at org.eclipse.jdt.internal.junit.runner.RemoteTestRunner.runTests(RemoteTestRunner.java:678)
	at org.eclipse.jdt.internal.junit.runner.RemoteTestRunner.run(RemoteTestRunner.java:382)
	at org.eclipse.jdt.internal.junit.runner.RemoteTestRunner.main(RemoteTestRunner.java:192)
Caused by: java.lang.IllegalArgumentException: Cannot load an ApplicationContext with a NULL 'contextLoader'. Consider annotating your test class with @ContextConfiguration or @ContextHierarchy.
	at org.springframework.util.Assert.notNull(Assert.java:115)
	at org.springframework.test.context.cache.DefaultCacheAwareContextLoaderDelegate.loadContextInternal(DefaultCacheAwareContextLoaderDelegate.java:91)
	at org.springframework.test.context.cache.DefaultCacheAwareContextLoaderDelegate.loadContext(DefaultCacheAwareContextLoaderDelegate.java:116)
	... 25 common frames omitted
date:2017-09-07 17:44:09	thread:main	user:	X-Track:	level:DEBUG	logger:j.c.n.a.d.r.b.BoardingClassRepository.findAll   	message:==>  Preparing: SELECT boarding_class_cd, boarding_class_name, extra_charge FROM boarding_class 
date:2017-09-07 17:44:09	thread:main	user:	X-Track:	level:DEBUG	logger:j.c.n.a.d.r.b.BoardingClassRepository.findAll   	message:==> Parameters: 
date:2017-09-07 17:44:09	thread:main	user:	X-Track:	level:DEBUG	logger:jdbc.sqltiming                                  	message: sun.reflect.NativeMethodAccessorImpl.invoke0(NativeMethodAccessorImpl.java:-2)
1. SELECT
        boarding_class_cd,
        boarding_class_name,
        extra_charge
    FROM
        boarding_class {executed in 17 msec}
date:2017-09-07 17:44:09	thread:main	user:	X-Track:	level:DEBUG	logger:j.c.n.a.d.r.b.BoardingClassRepository.findAll   	message:<==      Total: 2
date:2017-09-07 17:44:09	thread:main	user:	X-Track:	level:DEBUG	logger:j.c.n.a.d.r.faretype.FareTypeRepository.findAll 	message:==>  Preparing: SELECT fare_type_cd, fare_type_name, discount_rate, rsrv_available_start_day_num, rsrv_available_end_day_num, passenger_min_num FROM fare_type 
date:2017-09-07 17:44:09	thread:main	user:	X-Track:	level:DEBUG	logger:j.c.n.a.d.r.faretype.FareTypeRepository.findAll 	message:==> Parameters: 
date:2017-09-07 17:44:09	thread:main	user:	X-Track:	level:DEBUG	logger:jdbc.sqltiming                                  	message: sun.reflect.NativeMethodAccessorImpl.invoke0(NativeMethodAccessorImpl.java:-2)
2. SELECT
        fare_type_cd,
        fare_type_name,
        discount_rate,
        rsrv_available_start_day_num,
        rsrv_available_end_day_num,
        passenger_min_num
    FROM
        fare_type {executed in 2 msec}
date:2017-09-07 17:44:09	thread:main	user:	X-Track:	level:DEBUG	logger:j.c.n.a.d.r.faretype.FareTypeRepository.findAll 	message:<==      Total: 10
date:2017-09-07 17:44:09	thread:main	user:	X-Track:	level:DEBUG	logger:j.c.n.a.d.r.f.F.findAllFlightMaster             	message:==>  Preparing: SELECT fm.flight_name, fm.departure_time, fm.arrival_time, fm.craft_type, r.route_no, r.basic_fare, a_dep.airport_cd AS dep_airport_cd, a_dep.airport_name AS dep_airport_name, a_arr.airport_cd AS aar_airport_cd, a_arr.airport_name AS aar_airport_name FROM flight_master fm, route r, airport a_dep, airport a_arr WHERE fm.route_no = r.route_no AND r.dep_airport_cd = a_dep.airport_cd AND r.arr_airport_cd = a_arr.airport_cd 
date:2017-09-07 17:44:09	thread:main	user:	X-Track:	level:DEBUG	logger:j.c.n.a.d.r.f.F.findAllFlightMaster             	message:==> Parameters: 
date:2017-09-07 17:44:09	thread:main	user:	X-Track:	level:DEBUG	logger:jdbc.sqltiming                                  	message: sun.reflect.NativeMethodAccessorImpl.invoke0(NativeMethodAccessorImpl.java:-2)
3. SELECT
        fm.flight_name,
        fm.departure_time,
        fm.arrival_time,
        fm.craft_type,
        r.route_no,
        r.basic_fare,
        a_dep.airport_cd AS dep_airport_cd,
        a_dep.airport_name AS dep_airport_name,
        a_arr.airport_cd AS aar_airport_cd,
        a_arr.airport_name AS aar_airport_name
    FROM
        flight_master fm,
        route r,
        airport a_dep,
        airport a_arr
    WHERE 
        fm.route_no = r.route_no
    AND
        r.dep_airport_cd = a_dep.airport_cd
    AND
        r.arr_airport_cd = a_arr.airport_cd {executed in 0 msec}
date:2017-09-07 17:44:09	thread:main	user:	X-Track:	level:DEBUG	logger:j.c.n.a.d.r.f.F.findAllFlightMaster             	message:<==      Total: 126
date:2017-09-07 17:44:09	thread:main	user:	X-Track:	level:DEBUG	logger:j.c.n.a.d.r.peaktime.PeakTimeRepository.findAll 	message:==>  Preparing: SELECT peak_time_cd, peak_start_date, peak_end_date, multiplication_ratio FROM peak_time 
date:2017-09-07 17:44:09	thread:main	user:	X-Track:	level:DEBUG	logger:j.c.n.a.d.r.peaktime.PeakTimeRepository.findAll 	message:==> Parameters: 
date:2017-09-07 17:44:09	thread:main	user:	X-Track:	level:DEBUG	logger:jdbc.sqltiming                                  	message: sun.reflect.NativeMethodAccessorImpl.invoke0(NativeMethodAccessorImpl.java:-2)
4. SELECT
        peak_time_cd,
        peak_start_date,
        peak_end_date,
        multiplication_ratio
    FROM
        peak_time {executed in 16 msec}
date:2017-09-07 17:44:09	thread:main	user:	X-Track:	level:DEBUG	logger:j.c.n.a.d.r.peaktime.PeakTimeRepository.findAll 	message:<==      Total: 16
date:2017-09-07 17:44:09	thread:main	user:	X-Track:	level:DEBUG	logger:j.c.n.a.d.r.route.RouteRepository.findAll       	message:==>  Preparing: SELECT r.route_no, r.basic_fare, a_dep.airport_cd AS dep_airport_cd, a_dep.airport_name AS dep_airport_name, a_arr.airport_cd AS aar_airport_cd, a_arr.airport_name AS aar_airport_name FROM route r, airport a_dep, airport a_arr WHERE r.dep_airport_cd = a_dep.airport_cd AND r.arr_airport_cd = a_arr.airport_cd 
date:2017-09-07 17:44:09	thread:main	user:	X-Track:	level:DEBUG	logger:j.c.n.a.d.r.route.RouteRepository.findAll       	message:==> Parameters: 
date:2017-09-07 17:44:09	thread:main	user:	X-Track:	level:DEBUG	logger:jdbc.sqltiming                                  	message: sun.reflect.NativeMethodAccessorImpl.invoke0(NativeMethodAccessorImpl.java:-2)
5. SELECT
        r.route_no,
        r.basic_fare,
        a_dep.airport_cd AS dep_airport_cd,
        a_dep.airport_name AS dep_airport_name,
        a_arr.airport_cd AS aar_airport_cd,
        a_arr.airport_name AS aar_airport_name
    FROM
        route r,
        airport a_dep,
        airport a_arr
    WHERE
        r.dep_airport_cd = a_dep.airport_cd
    AND
        r.arr_airport_cd = a_arr.airport_cd {executed in 0 msec}
date:2017-09-07 17:44:09	thread:main	user:	X-Track:	level:DEBUG	logger:j.c.n.a.d.r.route.RouteRepository.findAll       	message:<==      Total: 20
date:2017-09-07 17:44:10	thread:main	user:	X-Track:	level:WARN 	logger:o.s.context.support.GenericApplicationContext   	message:Exception encountered during context initialization - cancelling refresh attempt: org.springframework.beans.factory.BeanCreationException: Error creating bean with name 'memberRegisterServiceImpl': Injection of autowired dependencies failed; nested exception is org.springframework.beans.factory.BeanCreationException: Could not autowire field: org.springframework.security.crypto.password.PasswordEncoder jp.co.ntt.atrs.domain.service.c1.MemberRegisterServiceImpl.passwordEncoder; nested exception is org.springframework.beans.factory.NoSuchBeanDefinitionException: No qualifying bean of type [org.springframework.security.crypto.password.PasswordEncoder] found for dependency: expected at least 1 bean which qualifies as autowire candidate for this dependency. Dependency annotations: {@javax.inject.Inject()}
date:2017-09-07 17:44:10	thread:main	user:	X-Track:	level:ERROR	logger:o.s.test.context.TestContextManager             	message:Caught exception while allowing TestExecutionListener [org.springframework.test.context.support.DependencyInjectionTestExecutionListener@5974109] to prepare test instance [jp.co.ntt.atrs.domain.repository.flight.FlightRepositoryTest@27305e6]
java.lang.IllegalStateException: Failed to load ApplicationContext
	at org.springframework.test.context.cache.DefaultCacheAwareContextLoaderDelegate.loadContext(DefaultCacheAwareContextLoaderDelegate.java:124)
	at org.springframework.test.context.support.DefaultTestContext.getApplicationContext(DefaultTestContext.java:83)
	at org.springframework.test.context.support.DependencyInjectionTestExecutionListener.injectDependencies(DependencyInjectionTestExecutionListener.java:117)
	at org.springframework.test.context.support.DependencyInjectionTestExecutionListener.prepareTestInstance(DependencyInjectionTestExecutionListener.java:83)
	at org.springframework.test.context.TestContextManager.prepareTestInstance(TestContextManager.java:228)
	at org.springframework.test.context.junit4.SpringJUnit4ClassRunner.createTest(SpringJUnit4ClassRunner.java:230)
	at org.springframework.test.context.junit4.SpringJUnit4ClassRunner$1.runReflectiveCall(SpringJUnit4ClassRunner.java:289)
	at org.junit.internal.runners.model.ReflectiveCallable.run(ReflectiveCallable.java:12)
	at org.springframework.test.context.junit4.SpringJUnit4ClassRunner.methodBlock(SpringJUnit4ClassRunner.java:291)
	at org.springframework.test.context.junit4.SpringJUnit4ClassRunner.runChild(SpringJUnit4ClassRunner.java:249)
	at org.springframework.test.context.junit4.SpringJUnit4ClassRunner.runChild(SpringJUnit4ClassRunner.java:89)
	at org.junit.runners.ParentRunner$3.run(ParentRunner.java:290)
	at org.junit.runners.ParentRunner$1.schedule(ParentRunner.java:71)
	at org.junit.runners.ParentRunner.runChildren(ParentRunner.java:288)
	at org.junit.runners.ParentRunner.access$000(ParentRunner.java:58)
	at org.junit.runners.ParentRunner$2.evaluate(ParentRunner.java:268)
	at org.springframework.test.context.junit4.statements.RunBeforeTestClassCallbacks.evaluate(RunBeforeTestClassCallbacks.java:61)
	at org.springframework.test.context.junit4.statements.RunAfterTestClassCallbacks.evaluate(RunAfterTestClassCallbacks.java:70)
	at org.junit.runners.ParentRunner.run(ParentRunner.java:363)
	at org.springframework.test.context.junit4.SpringJUnit4ClassRunner.run(SpringJUnit4ClassRunner.java:193)
	at org.eclipse.jdt.internal.junit4.runner.JUnit4TestReference.run(JUnit4TestReference.java:86)
	at org.eclipse.jdt.internal.junit.runner.TestExecution.run(TestExecution.java:38)
	at org.eclipse.jdt.internal.junit.runner.RemoteTestRunner.runTests(RemoteTestRunner.java:459)
	at org.eclipse.jdt.internal.junit.runner.RemoteTestRunner.runTests(RemoteTestRunner.java:678)
	at org.eclipse.jdt.internal.junit.runner.RemoteTestRunner.run(RemoteTestRunner.java:382)
	at org.eclipse.jdt.internal.junit.runner.RemoteTestRunner.main(RemoteTestRunner.java:192)
Caused by: org.springframework.beans.factory.BeanCreationException: Error creating bean with name 'memberRegisterServiceImpl': Injection of autowired dependencies failed; nested exception is org.springframework.beans.factory.BeanCreationException: Could not autowire field: org.springframework.security.crypto.password.PasswordEncoder jp.co.ntt.atrs.domain.service.c1.MemberRegisterServiceImpl.passwordEncoder; nested exception is org.springframework.beans.factory.NoSuchBeanDefinitionException: No qualifying bean of type [org.springframework.security.crypto.password.PasswordEncoder] found for dependency: expected at least 1 bean which qualifies as autowire candidate for this dependency. Dependency annotations: {@javax.inject.Inject()}
	at org.springframework.beans.factory.annotation.AutowiredAnnotationBeanPostProcessor.postProcessPropertyValues(AutowiredAnnotationBeanPostProcessor.java:334)
	at org.springframework.beans.factory.support.AbstractAutowireCapableBeanFactory.populateBean(AbstractAutowireCapableBeanFactory.java:1214)
	at org.springframework.beans.factory.support.AbstractAutowireCapableBeanFactory.doCreateBean(AbstractAutowireCapableBeanFactory.java:543)
	at org.springframework.beans.factory.support.AbstractAutowireCapableBeanFactory.createBean(AbstractAutowireCapableBeanFactory.java:482)
	at org.springframework.beans.factory.support.AbstractBeanFactory$1.getObject(AbstractBeanFactory.java:306)
	at org.springframework.beans.factory.support.DefaultSingletonBeanRegistry.getSingleton(DefaultSingletonBeanRegistry.java:230)
	at org.springframework.beans.factory.support.AbstractBeanFactory.doGetBean(AbstractBeanFactory.java:302)
	at org.springframework.beans.factory.support.AbstractBeanFactory.getBean(AbstractBeanFactory.java:197)
	at org.springframework.beans.factory.support.DefaultListableBeanFactory.preInstantiateSingletons(DefaultListableBeanFactory.java:772)
	at org.springframework.context.support.AbstractApplicationContext.finishBeanFactoryInitialization(AbstractApplicationContext.java:839)
	at org.springframework.context.support.AbstractApplicationContext.refresh(AbstractApplicationContext.java:538)
	at org.springframework.test.context.support.AbstractGenericContextLoader.loadContext(AbstractGenericContextLoader.java:125)
	at org.springframework.test.context.support.AbstractGenericContextLoader.loadContext(AbstractGenericContextLoader.java:60)
	at org.springframework.test.context.support.AbstractDelegatingSmartContextLoader.delegateLoading(AbstractDelegatingSmartContextLoader.java:109)
	at org.springframework.test.context.support.AbstractDelegatingSmartContextLoader.loadContext(AbstractDelegatingSmartContextLoader.java:261)
	at org.springframework.test.context.cache.DefaultCacheAwareContextLoaderDelegate.loadContextInternal(DefaultCacheAwareContextLoaderDelegate.java:98)
	at org.springframework.test.context.cache.DefaultCacheAwareContextLoaderDelegate.loadContext(DefaultCacheAwareContextLoaderDelegate.java:116)
	... 25 common frames omitted
Caused by: org.springframework.beans.factory.BeanCreationException: Could not autowire field: org.springframework.security.crypto.password.PasswordEncoder jp.co.ntt.atrs.domain.service.c1.MemberRegisterServiceImpl.passwordEncoder; nested exception is org.springframework.beans.factory.NoSuchBeanDefinitionException: No qualifying bean of type [org.springframework.security.crypto.password.PasswordEncoder] found for dependency: expected at least 1 bean which qualifies as autowire candidate for this dependency. Dependency annotations: {@javax.inject.Inject()}
	at org.springframework.beans.factory.annotation.AutowiredAnnotationBeanPostProcessor$AutowiredFieldElement.inject(AutowiredAnnotationBeanPostProcessor.java:573)
	at org.springframework.beans.factory.annotation.InjectionMetadata.inject(InjectionMetadata.java:88)
	at org.springframework.beans.factory.annotation.AutowiredAnnotationBeanPostProcessor.postProcessPropertyValues(AutowiredAnnotationBeanPostProcessor.java:331)
	... 41 common frames omitted
Caused by: org.springframework.beans.factory.NoSuchBeanDefinitionException: No qualifying bean of type [org.springframework.security.crypto.password.PasswordEncoder] found for dependency: expected at least 1 bean which qualifies as autowire candidate for this dependency. Dependency annotations: {@javax.inject.Inject()}
	at org.springframework.beans.factory.support.DefaultListableBeanFactory.raiseNoSuchBeanDefinitionException(DefaultListableBeanFactory.java:1373)
	at org.springframework.beans.factory.support.DefaultListableBeanFactory.doResolveDependency(DefaultListableBeanFactory.java:1119)
	at org.springframework.beans.factory.support.DefaultListableBeanFactory.resolveDependency(DefaultListableBeanFactory.java:1014)
	at org.springframework.beans.factory.annotation.AutowiredAnnotationBeanPostProcessor$AutowiredFieldElement.inject(AutowiredAnnotationBeanPostProcessor.java:545)
	... 43 common frames omitted
date:2017-09-07 17:53:00	thread:main	user:	X-Track:	level:DEBUG	logger:j.c.n.a.d.r.b.BoardingClassRepository.findAll   	message:==>  Preparing: SELECT boarding_class_cd, boarding_class_name, extra_charge FROM boarding_class 
date:2017-09-07 17:53:00	thread:main	user:	X-Track:	level:DEBUG	logger:j.c.n.a.d.r.b.BoardingClassRepository.findAll   	message:==> Parameters: 
date:2017-09-07 17:53:00	thread:main	user:	X-Track:	level:DEBUG	logger:jdbc.sqltiming                                  	message: sun.reflect.NativeMethodAccessorImpl.invoke0(NativeMethodAccessorImpl.java:-2)
1. SELECT
        boarding_class_cd,
        boarding_class_name,
        extra_charge
    FROM
        boarding_class {executed in 17 msec}
date:2017-09-07 17:53:00	thread:main	user:	X-Track:	level:DEBUG	logger:j.c.n.a.d.r.b.BoardingClassRepository.findAll   	message:<==      Total: 2
date:2017-09-07 17:53:00	thread:main	user:	X-Track:	level:DEBUG	logger:j.c.n.a.d.r.faretype.FareTypeRepository.findAll 	message:==>  Preparing: SELECT fare_type_cd, fare_type_name, discount_rate, rsrv_available_start_day_num, rsrv_available_end_day_num, passenger_min_num FROM fare_type 
date:2017-09-07 17:53:00	thread:main	user:	X-Track:	level:DEBUG	logger:j.c.n.a.d.r.faretype.FareTypeRepository.findAll 	message:==> Parameters: 
date:2017-09-07 17:53:00	thread:main	user:	X-Track:	level:DEBUG	logger:jdbc.sqltiming                                  	message: sun.reflect.NativeMethodAccessorImpl.invoke0(NativeMethodAccessorImpl.java:-2)
2. SELECT
        fare_type_cd,
        fare_type_name,
        discount_rate,
        rsrv_available_start_day_num,
        rsrv_available_end_day_num,
        passenger_min_num
    FROM
        fare_type {executed in 0 msec}
date:2017-09-07 17:53:00	thread:main	user:	X-Track:	level:DEBUG	logger:j.c.n.a.d.r.faretype.FareTypeRepository.findAll 	message:<==      Total: 10
date:2017-09-07 17:53:00	thread:main	user:	X-Track:	level:DEBUG	logger:j.c.n.a.d.r.f.F.findAllFlightMaster             	message:==>  Preparing: SELECT fm.flight_name, fm.departure_time, fm.arrival_time, fm.craft_type, r.route_no, r.basic_fare, a_dep.airport_cd AS dep_airport_cd, a_dep.airport_name AS dep_airport_name, a_arr.airport_cd AS aar_airport_cd, a_arr.airport_name AS aar_airport_name FROM flight_master fm, route r, airport a_dep, airport a_arr WHERE fm.route_no = r.route_no AND r.dep_airport_cd = a_dep.airport_cd AND r.arr_airport_cd = a_arr.airport_cd 
date:2017-09-07 17:53:00	thread:main	user:	X-Track:	level:DEBUG	logger:j.c.n.a.d.r.f.F.findAllFlightMaster             	message:==> Parameters: 
date:2017-09-07 17:53:00	thread:main	user:	X-Track:	level:DEBUG	logger:jdbc.sqltiming                                  	message: sun.reflect.NativeMethodAccessorImpl.invoke0(NativeMethodAccessorImpl.java:-2)
3. SELECT
        fm.flight_name,
        fm.departure_time,
        fm.arrival_time,
        fm.craft_type,
        r.route_no,
        r.basic_fare,
        a_dep.airport_cd AS dep_airport_cd,
        a_dep.airport_name AS dep_airport_name,
        a_arr.airport_cd AS aar_airport_cd,
        a_arr.airport_name AS aar_airport_name
    FROM
        flight_master fm,
        route r,
        airport a_dep,
        airport a_arr
    WHERE 
        fm.route_no = r.route_no
    AND
        r.dep_airport_cd = a_dep.airport_cd
    AND
        r.arr_airport_cd = a_arr.airport_cd {executed in 0 msec}
date:2017-09-07 17:53:01	thread:main	user:	X-Track:	level:DEBUG	logger:j.c.n.a.d.r.f.F.findAllFlightMaster             	message:<==      Total: 126
date:2017-09-07 17:53:01	thread:main	user:	X-Track:	level:DEBUG	logger:j.c.n.a.d.r.peaktime.PeakTimeRepository.findAll 	message:==>  Preparing: SELECT peak_time_cd, peak_start_date, peak_end_date, multiplication_ratio FROM peak_time 
date:2017-09-07 17:53:01	thread:main	user:	X-Track:	level:DEBUG	logger:j.c.n.a.d.r.peaktime.PeakTimeRepository.findAll 	message:==> Parameters: 
date:2017-09-07 17:53:01	thread:main	user:	X-Track:	level:DEBUG	logger:jdbc.sqltiming                                  	message: sun.reflect.NativeMethodAccessorImpl.invoke0(NativeMethodAccessorImpl.java:-2)
4. SELECT
        peak_time_cd,
        peak_start_date,
        peak_end_date,
        multiplication_ratio
    FROM
        peak_time {executed in 0 msec}
date:2017-09-07 17:53:01	thread:main	user:	X-Track:	level:DEBUG	logger:j.c.n.a.d.r.peaktime.PeakTimeRepository.findAll 	message:<==      Total: 16
date:2017-09-07 17:53:01	thread:main	user:	X-Track:	level:DEBUG	logger:j.c.n.a.d.r.route.RouteRepository.findAll       	message:==>  Preparing: SELECT r.route_no, r.basic_fare, a_dep.airport_cd AS dep_airport_cd, a_dep.airport_name AS dep_airport_name, a_arr.airport_cd AS aar_airport_cd, a_arr.airport_name AS aar_airport_name FROM route r, airport a_dep, airport a_arr WHERE r.dep_airport_cd = a_dep.airport_cd AND r.arr_airport_cd = a_arr.airport_cd 
date:2017-09-07 17:53:01	thread:main	user:	X-Track:	level:DEBUG	logger:j.c.n.a.d.r.route.RouteRepository.findAll       	message:==> Parameters: 
date:2017-09-07 17:53:01	thread:main	user:	X-Track:	level:DEBUG	logger:jdbc.sqltiming                                  	message: sun.reflect.NativeMethodAccessorImpl.invoke0(NativeMethodAccessorImpl.java:-2)
5. SELECT
        r.route_no,
        r.basic_fare,
        a_dep.airport_cd AS dep_airport_cd,
        a_dep.airport_name AS dep_airport_name,
        a_arr.airport_cd AS aar_airport_cd,
        a_arr.airport_name AS aar_airport_name
    FROM
        route r,
        airport a_dep,
        airport a_arr
    WHERE
        r.dep_airport_cd = a_dep.airport_cd
    AND
        r.arr_airport_cd = a_arr.airport_cd {executed in 0 msec}
date:2017-09-07 17:53:01	thread:main	user:	X-Track:	level:DEBUG	logger:j.c.n.a.d.r.route.RouteRepository.findAll       	message:<==      Total: 20
date:2017-09-07 17:53:01	thread:main	user:	X-Track:	level:WARN 	logger:org.dozer.config.GlobalSettings                 	message:Dozer configuration file not found: dozer.properties.  Using defaults for all Dozer global properties.
date:2017-09-07 17:53:01	thread:main	user:	X-Track:	level:DEBUG	logger:j.c.n.a.d.r.f.F.findByVacantSeatSearchCriteria  	message:==>  Preparing: SELECT f.departure_date, f.flight_name, f.fare_type_cd, f.vacant_num, f.boarding_class_cd FROM flight f, fare_type ft, flight_master fm, route r WHERE f.fare_type_cd = ft.fare_type_cd AND f.fare_type_cd IN ( ? , ? , ? , ? ) AND f.flight_name = fm.flight_name AND fm.route_no = r.route_no AND r.dep_airport_cd = ? AND r.arr_airport_cd = ? AND f.departure_date = ? AND f.boarding_class_cd = ? AND ? BETWEEN ft.rsrv_available_end_day_num AND ft.rsrv_available_start_day_num ORDER BY ft.display_order ASC, fm.departure_time ASC 
date:2017-09-07 17:53:01	thread:main	user:	X-Track:	level:DEBUG	logger:j.c.n.a.d.r.f.F.findByVacantSeatSearchCriteria  	message:==> Parameters: ED(String), GD(String), LD(String), OW(String), HND(String), ITM(String), 1970-01-01 00:00:00.0(Timestamp), N(String), 2(Integer)
date:2017-09-07 17:53:01	thread:main	user:	X-Track:	level:DEBUG	logger:jdbc.sqltiming                                  	message: sun.reflect.NativeMethodAccessorImpl.invoke0(NativeMethodAccessorImpl.java:-2)
6. SELECT
        f.departure_date,
        f.flight_name,
        f.fare_type_cd,
        f.vacant_num,
        f.boarding_class_cd
    FROM
        flight f,
        fare_type ft,
        flight_master fm,
        route r
    WHERE
         f.fare_type_cd = ft.fare_type_cd
    AND
         f.fare_type_cd IN
          (  
             'ED'
          , 
             'GD'
          , 
             'LD'
          , 
             'OW'
          ) 
    AND
         f.flight_name = fm.flight_name
    AND
         fm.route_no = r.route_no
    AND
         r.dep_airport_cd = 'HND'
    AND
         r.arr_airport_cd = 'ITM'
    AND
         f.departure_date = '01/01/1970 00:00:00.000'
    AND
         f.boarding_class_cd = 'N'
    AND
         2 BETWEEN ft.rsrv_available_end_day_num AND ft.rsrv_available_start_day_num
    ORDER BY
        ft.display_order ASC,
        fm.departure_time ASC {executed in 32 msec}
date:2017-09-07 17:53:01	thread:main	user:	X-Track:	level:DEBUG	logger:j.c.n.a.d.r.f.F.findByVacantSeatSearchCriteria  	message:<==      Total: 0
date:2017-09-07 18:00:53	thread:main	user:	X-Track:	level:DEBUG	logger:j.c.n.a.d.r.b.BoardingClassRepository.findAll   	message:==>  Preparing: SELECT boarding_class_cd, boarding_class_name, extra_charge FROM boarding_class 
date:2017-09-07 18:00:53	thread:main	user:	X-Track:	level:DEBUG	logger:j.c.n.a.d.r.b.BoardingClassRepository.findAll   	message:==> Parameters: 
date:2017-09-07 18:00:53	thread:main	user:	X-Track:	level:DEBUG	logger:jdbc.sqltiming                                  	message: sun.reflect.NativeMethodAccessorImpl.invoke0(NativeMethodAccessorImpl.java:-2)
1. SELECT
        boarding_class_cd,
        boarding_class_name,
        extra_charge
    FROM
        boarding_class {executed in 20 msec}
date:2017-09-07 18:00:53	thread:main	user:	X-Track:	level:DEBUG	logger:j.c.n.a.d.r.b.BoardingClassRepository.findAll   	message:<==      Total: 2
date:2017-09-07 18:00:53	thread:main	user:	X-Track:	level:DEBUG	logger:j.c.n.a.d.r.faretype.FareTypeRepository.findAll 	message:==>  Preparing: SELECT fare_type_cd, fare_type_name, discount_rate, rsrv_available_start_day_num, rsrv_available_end_day_num, passenger_min_num FROM fare_type 
date:2017-09-07 18:00:53	thread:main	user:	X-Track:	level:DEBUG	logger:j.c.n.a.d.r.faretype.FareTypeRepository.findAll 	message:==> Parameters: 
date:2017-09-07 18:00:53	thread:main	user:	X-Track:	level:DEBUG	logger:jdbc.sqltiming                                  	message: sun.reflect.NativeMethodAccessorImpl.invoke0(NativeMethodAccessorImpl.java:-2)
2. SELECT
        fare_type_cd,
        fare_type_name,
        discount_rate,
        rsrv_available_start_day_num,
        rsrv_available_end_day_num,
        passenger_min_num
    FROM
        fare_type {executed in 2 msec}
date:2017-09-07 18:00:53	thread:main	user:	X-Track:	level:DEBUG	logger:j.c.n.a.d.r.faretype.FareTypeRepository.findAll 	message:<==      Total: 10
date:2017-09-07 18:00:53	thread:main	user:	X-Track:	level:DEBUG	logger:j.c.n.a.d.r.f.F.findAllFlightMaster             	message:==>  Preparing: SELECT fm.flight_name, fm.departure_time, fm.arrival_time, fm.craft_type, r.route_no, r.basic_fare, a_dep.airport_cd AS dep_airport_cd, a_dep.airport_name AS dep_airport_name, a_arr.airport_cd AS aar_airport_cd, a_arr.airport_name AS aar_airport_name FROM flight_master fm, route r, airport a_dep, airport a_arr WHERE fm.route_no = r.route_no AND r.dep_airport_cd = a_dep.airport_cd AND r.arr_airport_cd = a_arr.airport_cd 
date:2017-09-07 18:00:53	thread:main	user:	X-Track:	level:DEBUG	logger:j.c.n.a.d.r.f.F.findAllFlightMaster             	message:==> Parameters: 
date:2017-09-07 18:00:53	thread:main	user:	X-Track:	level:DEBUG	logger:jdbc.sqltiming                                  	message: sun.reflect.NativeMethodAccessorImpl.invoke0(NativeMethodAccessorImpl.java:-2)
3. SELECT
        fm.flight_name,
        fm.departure_time,
        fm.arrival_time,
        fm.craft_type,
        r.route_no,
        r.basic_fare,
        a_dep.airport_cd AS dep_airport_cd,
        a_dep.airport_name AS dep_airport_name,
        a_arr.airport_cd AS aar_airport_cd,
        a_arr.airport_name AS aar_airport_name
    FROM
        flight_master fm,
        route r,
        airport a_dep,
        airport a_arr
    WHERE 
        fm.route_no = r.route_no
    AND
        r.dep_airport_cd = a_dep.airport_cd
    AND
        r.arr_airport_cd = a_arr.airport_cd {executed in 5 msec}
date:2017-09-07 18:00:53	thread:main	user:	X-Track:	level:DEBUG	logger:j.c.n.a.d.r.f.F.findAllFlightMaster             	message:<==      Total: 126
date:2017-09-07 18:00:53	thread:main	user:	X-Track:	level:DEBUG	logger:j.c.n.a.d.r.peaktime.PeakTimeRepository.findAll 	message:==>  Preparing: SELECT peak_time_cd, peak_start_date, peak_end_date, multiplication_ratio FROM peak_time 
date:2017-09-07 18:00:53	thread:main	user:	X-Track:	level:DEBUG	logger:j.c.n.a.d.r.peaktime.PeakTimeRepository.findAll 	message:==> Parameters: 
date:2017-09-07 18:00:53	thread:main	user:	X-Track:	level:DEBUG	logger:jdbc.sqltiming                                  	message: sun.reflect.NativeMethodAccessorImpl.invoke0(NativeMethodAccessorImpl.java:-2)
4. SELECT
        peak_time_cd,
        peak_start_date,
        peak_end_date,
        multiplication_ratio
    FROM
        peak_time {executed in 2 msec}
date:2017-09-07 18:00:53	thread:main	user:	X-Track:	level:DEBUG	logger:j.c.n.a.d.r.peaktime.PeakTimeRepository.findAll 	message:<==      Total: 16
date:2017-09-07 18:00:53	thread:main	user:	X-Track:	level:DEBUG	logger:j.c.n.a.d.r.route.RouteRepository.findAll       	message:==>  Preparing: SELECT r.route_no, r.basic_fare, a_dep.airport_cd AS dep_airport_cd, a_dep.airport_name AS dep_airport_name, a_arr.airport_cd AS aar_airport_cd, a_arr.airport_name AS aar_airport_name FROM route r, airport a_dep, airport a_arr WHERE r.dep_airport_cd = a_dep.airport_cd AND r.arr_airport_cd = a_arr.airport_cd 
date:2017-09-07 18:00:53	thread:main	user:	X-Track:	level:DEBUG	logger:j.c.n.a.d.r.route.RouteRepository.findAll       	message:==> Parameters: 
date:2017-09-07 18:00:53	thread:main	user:	X-Track:	level:DEBUG	logger:jdbc.sqltiming                                  	message: sun.reflect.NativeMethodAccessorImpl.invoke0(NativeMethodAccessorImpl.java:-2)
5. SELECT
        r.route_no,
        r.basic_fare,
        a_dep.airport_cd AS dep_airport_cd,
        a_dep.airport_name AS dep_airport_name,
        a_arr.airport_cd AS aar_airport_cd,
        a_arr.airport_name AS aar_airport_name
    FROM
        route r,
        airport a_dep,
        airport a_arr
    WHERE
        r.dep_airport_cd = a_dep.airport_cd
    AND
        r.arr_airport_cd = a_arr.airport_cd {executed in 1 msec}
date:2017-09-07 18:00:53	thread:main	user:	X-Track:	level:DEBUG	logger:j.c.n.a.d.r.route.RouteRepository.findAll       	message:<==      Total: 20
date:2017-09-07 18:00:53	thread:main	user:	X-Track:	level:WARN 	logger:org.dozer.config.GlobalSettings                 	message:Dozer configuration file not found: dozer.properties.  Using defaults for all Dozer global properties.
date:2017-09-07 18:00:54	thread:main	user:	X-Track:	level:DEBUG	logger:j.c.n.a.d.r.f.F.findByVacantSeatSearchCriteria  	message:==>  Preparing: SELECT f.departure_date, f.flight_name, f.fare_type_cd, f.vacant_num, f.boarding_class_cd FROM flight f, fare_type ft, flight_master fm, route r WHERE f.fare_type_cd = ft.fare_type_cd AND f.fare_type_cd IN ( ? , ? , ? , ? ) AND f.flight_name = fm.flight_name AND fm.route_no = r.route_no AND r.dep_airport_cd = ? AND r.arr_airport_cd = ? AND f.departure_date = ? AND f.boarding_class_cd = ? AND ? BETWEEN ft.rsrv_available_end_day_num AND ft.rsrv_available_start_day_num ORDER BY ft.display_order ASC, fm.departure_time ASC 
date:2017-09-07 18:00:54	thread:main	user:	X-Track:	level:DEBUG	logger:j.c.n.a.d.r.f.F.findByVacantSeatSearchCriteria  	message:==> Parameters: ED(String), GD(String), LD(String), OW(String), HND(String), ITM(String), 1970-01-01 00:00:00.0(Timestamp), N(String), 2(Integer)
date:2017-09-07 18:00:54	thread:main	user:	X-Track:	level:DEBUG	logger:jdbc.sqltiming                                  	message: sun.reflect.NativeMethodAccessorImpl.invoke0(NativeMethodAccessorImpl.java:-2)
6. SELECT
        f.departure_date,
        f.flight_name,
        f.fare_type_cd,
        f.vacant_num,
        f.boarding_class_cd
    FROM
        flight f,
        fare_type ft,
        flight_master fm,
        route r
    WHERE
         f.fare_type_cd = ft.fare_type_cd
    AND
         f.fare_type_cd IN
          (  
             'ED'
          , 
             'GD'
          , 
             'LD'
          , 
             'OW'
          ) 
    AND
         f.flight_name = fm.flight_name
    AND
         fm.route_no = r.route_no
    AND
         r.dep_airport_cd = 'HND'
    AND
         r.arr_airport_cd = 'ITM'
    AND
         f.departure_date = '01/01/1970 00:00:00.000'
    AND
         f.boarding_class_cd = 'N'
    AND
         2 BETWEEN ft.rsrv_available_end_day_num AND ft.rsrv_available_start_day_num
    ORDER BY
        ft.display_order ASC,
        fm.departure_time ASC {executed in 5 msec}
date:2017-09-07 18:00:54	thread:main	user:	X-Track:	level:DEBUG	logger:j.c.n.a.d.r.f.F.findByVacantSeatSearchCriteria  	message:<==      Total: 0
